mode: atomic
github.com/Gerry3010/passbubble/internal/cli/backup.go:15.13,17.33 1 0
github.com/Gerry3010/passbubble/internal/cli/backup.go:17.33,19.3 1 0
github.com/Gerry3010/passbubble/internal/cli/backup.go:22.2,35.69 8 0
github.com/Gerry3010/passbubble/internal/cli/backup.go:52.54,54.24 2 0
github.com/Gerry3010/passbubble/internal/cli/backup.go:54.24,56.4 1 0
github.com/Gerry3010/passbubble/internal/cli/backup.go:59.3,65.22 5 0
github.com/Gerry3010/passbubble/internal/cli/backup.go:65.22,67.18 2 0
github.com/Gerry3010/passbubble/internal/cli/backup.go:67.18,69.5 1 0
github.com/Gerry3010/passbubble/internal/cli/backup.go:70.4,70.68 1 0
github.com/Gerry3010/passbubble/internal/cli/backup.go:74.3,87.17 5 0
github.com/Gerry3010/passbubble/internal/cli/backup.go:87.17,89.4 1 0
github.com/Gerry3010/passbubble/internal/cli/backup.go:91.3,92.13 2 0
github.com/Gerry3010/passbubble/internal/cli/backup.go:109.54,113.24 3 0
github.com/Gerry3010/passbubble/internal/cli/backup.go:113.24,115.4 1 0
github.com/Gerry3010/passbubble/internal/cli/backup.go:118.3,118.56 1 0
github.com/Gerry3010/passbubble/internal/cli/backup.go:118.56,120.4 1 0
github.com/Gerry3010/passbubble/internal/cli/backup.go:123.3,126.13 2 0
github.com/Gerry3010/passbubble/internal/cli/backup.go:126.13,133.63 6 0
github.com/Gerry3010/passbubble/internal/cli/backup.go:133.63,136.5 2 0
github.com/Gerry3010/passbubble/internal/cli/backup.go:140.3,144.55 3 0
github.com/Gerry3010/passbubble/internal/cli/backup.go:144.55,146.4 1 0
github.com/Gerry3010/passbubble/internal/cli/backup.go:148.3,148.13 1 0
github.com/Gerry3010/passbubble/internal/cli/backup.go:163.54,168.22 2 0
github.com/Gerry3010/passbubble/internal/cli/backup.go:168.22,170.18 2 0
github.com/Gerry3010/passbubble/internal/cli/backup.go:170.18,172.5 1 0
github.com/Gerry3010/passbubble/internal/cli/backup.go:173.4,173.68 1 0
github.com/Gerry3010/passbubble/internal/cli/backup.go:177.3,186.17 5 0
github.com/Gerry3010/passbubble/internal/cli/backup.go:186.17,188.4 1 0
github.com/Gerry3010/passbubble/internal/cli/backup.go:190.3,190.24 1 0
github.com/Gerry3010/passbubble/internal/cli/backup.go:190.24,193.4 2 0
github.com/Gerry3010/passbubble/internal/cli/backup.go:195.3,196.29 2 0
github.com/Gerry3010/passbubble/internal/cli/backup.go:196.29,200.4 3 0
github.com/Gerry3010/passbubble/internal/cli/backup.go:202.3,202.13 1 0
github.com/Gerry3010/passbubble/internal/cli/backup.go:219.54,223.56 2 0
github.com/Gerry3010/passbubble/internal/cli/backup.go:223.56,225.4 1 0
github.com/Gerry3010/passbubble/internal/cli/backup.go:228.3,233.54 4 0
github.com/Gerry3010/passbubble/internal/cli/backup.go:233.54,235.4 1 0
github.com/Gerry3010/passbubble/internal/cli/backup.go:237.3,238.13 2 0
github.com/Gerry3010/passbubble/internal/cli/backup.go:255.54,261.22 3 0
github.com/Gerry3010/passbubble/internal/cli/backup.go:261.22,263.18 2 0
github.com/Gerry3010/passbubble/internal/cli/backup.go:263.18,265.5 1 0
github.com/Gerry3010/passbubble/internal/cli/backup.go:266.4,266.68 1 0
github.com/Gerry3010/passbubble/internal/cli/backup.go:270.3,280.47 5 0
github.com/Gerry3010/passbubble/internal/cli/backup.go:280.47,282.4 1 0
github.com/Gerry3010/passbubble/internal/cli/backup.go:284.3,284.13 1 0
github.com/Gerry3010/passbubble/internal/cli/backup.go:289.36,291.17 2 0
github.com/Gerry3010/passbubble/internal/cli/backup.go:291.17,293.3 1 0
github.com/Gerry3010/passbubble/internal/cli/backup.go:294.2,295.45 2 0
github.com/Gerry3010/passbubble/internal/cli/backup.go:295.45,298.3 2 0
github.com/Gerry3010/passbubble/internal/cli/backup.go:299.2,299.75 1 0
github.com/Gerry3010/passbubble/internal/cli/generate.go:12.13,28.2 13 0
github.com/Gerry3010/passbubble/internal/cli/generate.go:45.54,49.20 2 0
github.com/Gerry3010/passbubble/internal/cli/generate.go:49.20,51.18 2 0
github.com/Gerry3010/passbubble/internal/cli/generate.go:51.18,53.5 1 0
github.com/Gerry3010/passbubble/internal/cli/generate.go:54.4,54.34 1 0
github.com/Gerry3010/passbubble/internal/cli/generate.go:54.34,56.5 1 0
github.com/Gerry3010/passbubble/internal/cli/generate.go:57.4,57.24 1 0
github.com/Gerry3010/passbubble/internal/cli/generate.go:58.9,60.34 2 0
github.com/Gerry3010/passbubble/internal/cli/generate.go:60.34,62.5 1 0
github.com/Gerry3010/passbubble/internal/cli/generate.go:63.4,63.24 1 0
github.com/Gerry3010/passbubble/internal/cli/generate.go:67.3,89.18 19 0
github.com/Gerry3010/passbubble/internal/cli/generate.go:90.17,91.32 1 0
github.com/Gerry3010/passbubble/internal/cli/generate.go:92.19,93.38 1 0
github.com/Gerry3010/passbubble/internal/cli/generate.go:94.18,95.33 1 0
github.com/Gerry3010/passbubble/internal/cli/generate.go:96.20,97.35 1 0
github.com/Gerry3010/passbubble/internal/cli/generate.go:98.21,99.36 1 0
github.com/Gerry3010/passbubble/internal/cli/generate.go:100.11,101.59 1 0
github.com/Gerry3010/passbubble/internal/cli/generate.go:105.3,107.17 3 0
github.com/Gerry3010/passbubble/internal/cli/generate.go:107.17,109.4 1 0
github.com/Gerry3010/passbubble/internal/cli/generate.go:112.3,112.38 1 0
github.com/Gerry3010/passbubble/internal/cli/generate.go:112.38,113.21 1 0
github.com/Gerry3010/passbubble/internal/cli/generate.go:113.21,118.35 5 0
github.com/Gerry3010/passbubble/internal/cli/generate.go:118.35,120.49 2 0
github.com/Gerry3010/passbubble/internal/cli/generate.go:120.49,122.7 1 0
github.com/Gerry3010/passbubble/internal/cli/generate.go:124.5,124.18 1 0
github.com/Gerry3010/passbubble/internal/cli/generate.go:125.10,127.5 1 0
github.com/Gerry3010/passbubble/internal/cli/generate.go:130.3,130.13 1 0
github.com/Gerry3010/passbubble/internal/cli/generate.go:147.54,151.24 3 0
github.com/Gerry3010/passbubble/internal/cli/generate.go:151.24,153.4 1 0
github.com/Gerry3010/passbubble/internal/cli/generate.go:155.3,156.17 2 0
github.com/Gerry3010/passbubble/internal/cli/generate.go:156.17,158.4 1 0
github.com/Gerry3010/passbubble/internal/cli/generate.go:160.3,160.24 1 0
github.com/Gerry3010/passbubble/internal/cli/generate.go:160.24,163.4 2 0
github.com/Gerry3010/passbubble/internal/cli/generate.go:165.3,167.33 3 0
github.com/Gerry3010/passbubble/internal/cli/generate.go:167.33,168.28 1 0
github.com/Gerry3010/passbubble/internal/cli/generate.go:168.28,170.5 1 0
github.com/Gerry3010/passbubble/internal/cli/generate.go:170.10,172.5 1 0
github.com/Gerry3010/passbubble/internal/cli/generate.go:174.3,174.13 1 0
github.com/Gerry3010/passbubble/internal/cli/password.go:18.13,20.35 1 0
github.com/Gerry3010/passbubble/internal/cli/password.go:20.35,22.3 1 0
github.com/Gerry3010/passbubble/internal/cli/password.go:39.54,42.20 3 0
github.com/Gerry3010/passbubble/internal/cli/password.go:42.20,44.4 1 0
github.com/Gerry3010/passbubble/internal/cli/password.go:46.3,47.24 2 0
github.com/Gerry3010/passbubble/internal/cli/password.go:47.24,49.4 1 0
github.com/Gerry3010/passbubble/internal/cli/password.go:52.3,52.54 1 0
github.com/Gerry3010/passbubble/internal/cli/password.go:52.54,54.22 2 0
github.com/Gerry3010/passbubble/internal/cli/password.go:54.22,56.5 1 0
github.com/Gerry3010/passbubble/internal/cli/password.go:57.4,57.103 1 0
github.com/Gerry3010/passbubble/internal/cli/password.go:61.3,62.21 2 0
github.com/Gerry3010/passbubble/internal/cli/password.go:62.21,64.4 1 0
github.com/Gerry3010/passbubble/internal/cli/password.go:65.3,68.17 3 0
github.com/Gerry3010/passbubble/internal/cli/password.go:68.17,70.4 1 0
github.com/Gerry3010/passbubble/internal/cli/password.go:72.3,72.40 1 0
github.com/Gerry3010/passbubble/internal/cli/password.go:72.40,76.18 3 0
github.com/Gerry3010/passbubble/internal/cli/password.go:76.18,78.5 1 0
github.com/Gerry3010/passbubble/internal/cli/password.go:79.4,80.52 2 0
github.com/Gerry3010/passbubble/internal/cli/password.go:84.3,84.63 1 0
github.com/Gerry3010/passbubble/internal/cli/password.go:84.63,86.4 1 0
github.com/Gerry3010/passbubble/internal/cli/password.go:88.3,89.21 2 0
github.com/Gerry3010/passbubble/internal/cli/password.go:89.21,91.4 1 0
github.com/Gerry3010/passbubble/internal/cli/password.go:92.3,93.13 2 0
github.com/Gerry3010/passbubble/internal/cli/password.go:109.54,112.20 3 0
github.com/Gerry3010/passbubble/internal/cli/password.go:112.20,114.4 1 0
github.com/Gerry3010/passbubble/internal/cli/password.go:116.3,117.24 2 0
github.com/Gerry3010/passbubble/internal/cli/password.go:117.24,119.4 1 0
github.com/Gerry3010/passbubble/internal/cli/password.go:121.3,122.17 2 0
github.com/Gerry3010/passbubble/internal/cli/password.go:122.17,124.22 2 0
github.com/Gerry3010/passbubble/internal/cli/password.go:124.22,126.5 1 0
github.com/Gerry3010/passbubble/internal/cli/password.go:127.4,127.62 1 0
github.com/Gerry3010/passbubble/internal/cli/password.go:130.3,131.13 2 0
github.com/Gerry3010/passbubble/internal/cli/password.go:142.54,144.24 2 0
github.com/Gerry3010/passbubble/internal/cli/password.go:144.24,146.4 1 0
github.com/Gerry3010/passbubble/internal/cli/password.go:148.3,149.17 2 0
github.com/Gerry3010/passbubble/internal/cli/password.go:149.17,151.4 1 0
github.com/Gerry3010/passbubble/internal/cli/password.go:153.3,153.24 1 0
github.com/Gerry3010/passbubble/internal/cli/password.go:153.24,156.4 2 0
github.com/Gerry3010/passbubble/internal/cli/password.go:158.3,160.33 3 0
github.com/Gerry3010/passbubble/internal/cli/password.go:160.33,161.28 1 0
github.com/Gerry3010/passbubble/internal/cli/password.go:161.28,163.5 1 0
github.com/Gerry3010/passbubble/internal/cli/password.go:163.10,165.5 1 0
github.com/Gerry3010/passbubble/internal/cli/password.go:167.3,167.13 1 0
github.com/Gerry3010/passbubble/internal/cli/password.go:184.54,187.20 3 0
github.com/Gerry3010/passbubble/internal/cli/password.go:187.20,189.4 1 0
github.com/Gerry3010/passbubble/internal/cli/password.go:191.3,192.24 2 0
github.com/Gerry3010/passbubble/internal/cli/password.go:192.24,194.4 1 0
github.com/Gerry3010/passbubble/internal/cli/password.go:197.3,197.54 1 0
github.com/Gerry3010/passbubble/internal/cli/password.go:197.54,199.22 2 0
github.com/Gerry3010/passbubble/internal/cli/password.go:199.22,201.5 1 0
github.com/Gerry3010/passbubble/internal/cli/password.go:202.4,202.94 1 0
github.com/Gerry3010/passbubble/internal/cli/password.go:206.3,207.21 2 0
github.com/Gerry3010/passbubble/internal/cli/password.go:207.21,209.4 1 0
github.com/Gerry3010/passbubble/internal/cli/password.go:210.3,213.17 3 0
github.com/Gerry3010/passbubble/internal/cli/password.go:213.17,215.4 1 0
github.com/Gerry3010/passbubble/internal/cli/password.go:217.3,217.40 1 0
github.com/Gerry3010/passbubble/internal/cli/password.go:217.40,221.18 3 0
github.com/Gerry3010/passbubble/internal/cli/password.go:221.18,223.5 1 0
github.com/Gerry3010/passbubble/internal/cli/password.go:224.4,225.52 2 0
github.com/Gerry3010/passbubble/internal/cli/password.go:229.3,229.63 1 0
github.com/Gerry3010/passbubble/internal/cli/password.go:229.63,231.4 1 0
github.com/Gerry3010/passbubble/internal/cli/password.go:233.3,234.21 2 0
github.com/Gerry3010/passbubble/internal/cli/password.go:234.21,236.4 1 0
github.com/Gerry3010/passbubble/internal/cli/password.go:237.3,238.13 2 0
github.com/Gerry3010/passbubble/internal/cli/password.go:255.54,258.20 3 0
github.com/Gerry3010/passbubble/internal/cli/password.go:258.20,260.4 1 0
github.com/Gerry3010/passbubble/internal/cli/password.go:262.3,263.24 2 0
github.com/Gerry3010/passbubble/internal/cli/password.go:263.24,265.4 1 0
github.com/Gerry3010/passbubble/internal/cli/password.go:268.3,268.54 1 0
github.com/Gerry3010/passbubble/internal/cli/password.go:268.54,270.22 2 0
github.com/Gerry3010/passbubble/internal/cli/password.go:270.22,272.5 1 0
github.com/Gerry3010/passbubble/internal/cli/password.go:273.4,273.62 1 0
github.com/Gerry3010/passbubble/internal/cli/password.go:277.3,278.21 2 0
github.com/Gerry3010/passbubble/internal/cli/password.go:278.21,280.4 1 0
github.com/Gerry3010/passbubble/internal/cli/password.go:281.3,285.17 4 0
github.com/Gerry3010/passbubble/internal/cli/password.go:285.17,287.4 1 0
github.com/Gerry3010/passbubble/internal/cli/password.go:289.3,290.51 2 0
github.com/Gerry3010/passbubble/internal/cli/password.go:290.51,293.4 2 0
github.com/Gerry3010/passbubble/internal/cli/password.go:296.3,296.54 1 0
github.com/Gerry3010/passbubble/internal/cli/password.go:296.54,298.4 1 0
github.com/Gerry3010/passbubble/internal/cli/password.go:300.3,301.13 2 0
github.com/Gerry3010/passbubble/internal/cli/password.go:306.37,308.16 2 0
github.com/Gerry3010/passbubble/internal/cli/password.go:308.16,310.3 1 0
github.com/Gerry3010/passbubble/internal/cli/password.go:311.2,312.34 2 0
github.com/Gerry3010/passbubble/internal/cli/root.go:42.47,44.40 1 0
github.com/Gerry3010/passbubble/internal/cli/root.go:44.40,47.4 2 0
github.com/Gerry3010/passbubble/internal/cli/root.go:53.22,55.2 1 0
github.com/Gerry3010/passbubble/internal/cli/root.go:57.13,68.2 6 0
github.com/Gerry3010/passbubble/internal/cli/root.go:71.19,72.19 1 0
github.com/Gerry3010/passbubble/internal/cli/root.go:72.19,75.3 1 0
github.com/Gerry3010/passbubble/internal/cli/root.go:75.8,85.3 6 0
github.com/Gerry3010/passbubble/internal/cli/root.go:87.2,90.56 2 0
github.com/Gerry3010/passbubble/internal/cli/root.go:90.56,92.3 1 0
github.com/Gerry3010/passbubble/internal/cli/totp.go:16.13,18.31 1 0
github.com/Gerry3010/passbubble/internal/cli/totp.go:18.31,20.3 1 0
github.com/Gerry3010/passbubble/internal/cli/totp.go:23.2,34.89 10 0
github.com/Gerry3010/passbubble/internal/cli/totp.go:51.54,54.20 3 0
github.com/Gerry3010/passbubble/internal/cli/totp.go:54.20,56.4 1 0
github.com/Gerry3010/passbubble/internal/cli/totp.go:58.3,59.24 2 0
github.com/Gerry3010/passbubble/internal/cli/totp.go:59.24,61.4 1 0
github.com/Gerry3010/passbubble/internal/cli/totp.go:64.3,79.20 13 0
github.com/Gerry3010/passbubble/internal/cli/totp.go:79.20,80.22 1 0
github.com/Gerry3010/passbubble/internal/cli/totp.go:80.22,82.5 1 0
github.com/Gerry3010/passbubble/internal/cli/totp.go:82.10,84.5 1 0
github.com/Gerry3010/passbubble/internal/cli/totp.go:88.3,88.20 1 0
github.com/Gerry3010/passbubble/internal/cli/totp.go:88.20,91.18 2 0
github.com/Gerry3010/passbubble/internal/cli/totp.go:91.18,93.5 1 0
github.com/Gerry3010/passbubble/internal/cli/totp.go:95.4,99.62 5 0
github.com/Gerry3010/passbubble/internal/cli/totp.go:101.9,101.22 1 0
github.com/Gerry3010/passbubble/internal/cli/totp.go:101.22,112.18 3 0
github.com/Gerry3010/passbubble/internal/cli/totp.go:112.18,114.5 1 0
github.com/Gerry3010/passbubble/internal/cli/totp.go:116.4,125.17 9 0
github.com/Gerry3010/passbubble/internal/cli/totp.go:127.9,127.26 1 0
github.com/Gerry3010/passbubble/internal/cli/totp.go:127.26,129.35 1 0
github.com/Gerry3010/passbubble/internal/cli/totp.go:129.35,131.5 1 0
github.com/Gerry3010/passbubble/internal/cli/totp.go:133.4,137.48 5 0
github.com/Gerry3010/passbubble/internal/cli/totp.go:139.9,141.4 1 0
github.com/Gerry3010/passbubble/internal/cli/totp.go:144.3,144.24 1 0
github.com/Gerry3010/passbubble/internal/cli/totp.go:144.24,146.4 1 0
github.com/Gerry3010/passbubble/internal/cli/totp.go:147.3,147.24 1 0
github.com/Gerry3010/passbubble/internal/cli/totp.go:147.24,149.4 1 0
github.com/Gerry3010/passbubble/internal/cli/totp.go:150.3,150.28 1 0
github.com/Gerry3010/passbubble/internal/cli/totp.go:150.28,152.4 1 0
github.com/Gerry3010/passbubble/internal/cli/totp.go:155.3,155.46 1 0
github.com/Gerry3010/passbubble/internal/cli/totp.go:155.46,157.4 1 0
github.com/Gerry3010/passbubble/internal/cli/totp.go:159.3,160.21 2 0
github.com/Gerry3010/passbubble/internal/cli/totp.go:160.21,162.4 1 0
github.com/Gerry3010/passbubble/internal/cli/totp.go:163.3,173.17 4 0
github.com/Gerry3010/passbubble/internal/cli/totp.go:173.17,176.4 2 0
github.com/Gerry3010/passbubble/internal/cli/totp.go:178.3,178.13 1 0
github.com/Gerry3010/passbubble/internal/cli/totp.go:196.54,199.20 3 0
github.com/Gerry3010/passbubble/internal/cli/totp.go:199.20,201.4 1 0
github.com/Gerry3010/passbubble/internal/cli/totp.go:203.3,204.24 2 0
github.com/Gerry3010/passbubble/internal/cli/totp.go:204.24,206.4 1 0
github.com/Gerry3010/passbubble/internal/cli/totp.go:209.3,210.17 2 0
github.com/Gerry3010/passbubble/internal/cli/totp.go:210.17,212.22 2 0
github.com/Gerry3010/passbubble/internal/cli/totp.go:212.22,214.5 1 0
github.com/Gerry3010/passbubble/internal/cli/totp.go:215.4,215.66 1 0
github.com/Gerry3010/passbubble/internal/cli/totp.go:218.3,218.49 1 0
github.com/Gerry3010/passbubble/internal/cli/totp.go:218.49,220.4 1 0
github.com/Gerry3010/passbubble/internal/cli/totp.go:223.3,233.24 4 0
github.com/Gerry3010/passbubble/internal/cli/totp.go:233.24,235.4 1 0
github.com/Gerry3010/passbubble/internal/cli/totp.go:236.3,236.24 1 0
github.com/Gerry3010/passbubble/internal/cli/totp.go:236.24,238.4 1 0
github.com/Gerry3010/passbubble/internal/cli/totp.go:239.3,239.28 1 0
github.com/Gerry3010/passbubble/internal/cli/totp.go:239.28,241.4 1 0
github.com/Gerry3010/passbubble/internal/cli/totp.go:243.3,244.21 2 0
github.com/Gerry3010/passbubble/internal/cli/totp.go:244.21,246.4 1 0
github.com/Gerry3010/passbubble/internal/cli/totp.go:247.3,247.25 1 0
github.com/Gerry3010/passbubble/internal/cli/totp.go:247.25,249.4 1 0
github.com/Gerry3010/passbubble/internal/cli/totp.go:251.3,251.12 1 0
github.com/Gerry3010/passbubble/internal/cli/totp.go:251.12,256.8 3 0
github.com/Gerry3010/passbubble/internal/cli/totp.go:256.8,258.19 2 0
github.com/Gerry3010/passbubble/internal/cli/totp.go:258.19,260.6 1 0
github.com/Gerry3010/passbubble/internal/cli/totp.go:262.5,267.53 4 0
github.com/Gerry3010/passbubble/internal/cli/totp.go:269.9,272.18 2 0
github.com/Gerry3010/passbubble/internal/cli/totp.go:272.18,274.5 1 0
github.com/Gerry3010/passbubble/internal/cli/totp.go:276.4,278.51 3 0
github.com/Gerry3010/passbubble/internal/cli/totp.go:281.3,281.13 1 0
github.com/Gerry3010/passbubble/internal/cli/totp.go:292.54,294.24 2 0
github.com/Gerry3010/passbubble/internal/cli/totp.go:294.24,296.4 1 0
github.com/Gerry3010/passbubble/internal/cli/totp.go:298.3,299.17 2 0
github.com/Gerry3010/passbubble/internal/cli/totp.go:299.17,301.4 1 0
github.com/Gerry3010/passbubble/internal/cli/totp.go:304.3,305.33 2 0
github.com/Gerry3010/passbubble/internal/cli/totp.go:305.33,306.50 1 0
github.com/Gerry3010/passbubble/internal/cli/totp.go:306.50,308.5 1 0
github.com/Gerry3010/passbubble/internal/cli/totp.go:311.3,311.28 1 0
github.com/Gerry3010/passbubble/internal/cli/totp.go:311.28,314.4 2 0
github.com/Gerry3010/passbubble/internal/cli/totp.go:316.3,318.37 2 0
github.com/Gerry3010/passbubble/internal/cli/totp.go:318.37,320.28 2 0
github.com/Gerry3010/passbubble/internal/cli/totp.go:320.28,322.5 1 0
github.com/Gerry3010/passbubble/internal/cli/totp.go:324.4,326.26 2 0
github.com/Gerry3010/passbubble/internal/cli/totp.go:326.26,328.5 1 0
github.com/Gerry3010/passbubble/internal/cli/totp.go:331.4,332.19 2 0
github.com/Gerry3010/passbubble/internal/cli/totp.go:332.19,334.5 1 0
github.com/Gerry3010/passbubble/internal/cli/totp.go:335.4,336.19 2 0
github.com/Gerry3010/passbubble/internal/cli/totp.go:336.19,338.5 1 0
github.com/Gerry3010/passbubble/internal/cli/totp.go:339.4,340.23 2 0
github.com/Gerry3010/passbubble/internal/cli/totp.go:340.23,342.5 1 0
github.com/Gerry3010/passbubble/internal/cli/totp.go:344.4,346.25 2 0
github.com/Gerry3010/passbubble/internal/cli/totp.go:346.25,348.5 1 0
github.com/Gerry3010/passbubble/internal/cli/totp.go:350.4,350.17 1 0
github.com/Gerry3010/passbubble/internal/cli/totp.go:353.3,353.13 1 0
github.com/Gerry3010/passbubble/internal/cli/totp.go:369.54,372.20 3 0
github.com/Gerry3010/passbubble/internal/cli/totp.go:372.20,374.4 1 0
github.com/Gerry3010/passbubble/internal/cli/totp.go:376.3,377.24 2 0
github.com/Gerry3010/passbubble/internal/cli/totp.go:377.24,379.4 1 0
github.com/Gerry3010/passbubble/internal/cli/totp.go:382.3,383.17 2 0
github.com/Gerry3010/passbubble/internal/cli/totp.go:383.17,385.22 2 0
github.com/Gerry3010/passbubble/internal/cli/totp.go:385.22,387.5 1 0
github.com/Gerry3010/passbubble/internal/cli/totp.go:388.4,388.66 1 0
github.com/Gerry3010/passbubble/internal/cli/totp.go:391.3,391.49 1 0
github.com/Gerry3010/passbubble/internal/cli/totp.go:391.49,393.4 1 0
github.com/Gerry3010/passbubble/internal/cli/totp.go:396.3,397.21 2 0
github.com/Gerry3010/passbubble/internal/cli/totp.go:397.21,399.4 1 0
github.com/Gerry3010/passbubble/internal/cli/totp.go:400.3,400.25 1 0
github.com/Gerry3010/passbubble/internal/cli/totp.go:400.25,402.4 1 0
github.com/Gerry3010/passbubble/internal/cli/totp.go:404.3,408.62 4 0
github.com/Gerry3010/passbubble/internal/cli/totp.go:408.62,411.4 2 0
github.com/Gerry3010/passbubble/internal/cli/totp.go:414.3,414.54 1 0
github.com/Gerry3010/passbubble/internal/cli/totp.go:414.54,416.4 1 0
github.com/Gerry3010/passbubble/internal/cli/totp.go:418.3,419.13 2 0
github.com/Gerry3010/passbubble/internal/cli/totp.go:424.49,425.17 1 0
github.com/Gerry3010/passbubble/internal/cli/totp.go:425.17,427.3 1 0
github.com/Gerry3010/passbubble/internal/cli/totp.go:428.2,428.22 1 0
github.com/Gerry3010/passbubble/internal/cli/totp.go:431.60,432.36 1 0
github.com/Gerry3010/passbubble/internal/cli/totp.go:433.16,434.29 1 0
github.com/Gerry3010/passbubble/internal/cli/totp.go:435.16,436.29 1 0
github.com/Gerry3010/passbubble/internal/cli/totp.go:437.13,438.26 1 0
github.com/Gerry3010/passbubble/internal/cli/totp.go:439.10,440.27 1 0
github.com/Gerry3010/passbubble/internal/cli/tui.go:38.13,40.2 1 0
github.com/Gerry3010/passbubble/internal/cli/tui.go:42.54,44.2 1 0
github.com/Gerry3010/passbubble/internal/cli/version.go:28.13,31.2 2 0
github.com/Gerry3010/passbubble/internal/cli/version.go:33.52,36.16 2 0
github.com/Gerry3010/passbubble/internal/cli/version.go:36.16,38.17 2 0
github.com/Gerry3010/passbubble/internal/cli/version.go:38.17,41.4 2 0
github.com/Gerry3010/passbubble/internal/cli/version.go:42.3,42.32 1 0
github.com/Gerry3010/passbubble/internal/cli/version.go:43.8,51.3 7 0
github.com/Gerry3010/passbubble/internal/version/version.go:25.21,33.2 1 0
github.com/Gerry3010/passbubble/internal/version/version.go:36.31,39.2 1 0
github.com/Gerry3010/passbubble/internal/version/version.go:42.30,44.2 1 0
github.com/Gerry3010/passbubble/pkg/keyring/keyring.go:58.21,62.2 1 0
github.com/Gerry3010/passbubble/pkg/keyring/keyring.go:65.67,73.2 2 0
github.com/Gerry3010/passbubble/pkg/keyring/keyring.go:76.49,78.26 2 0
github.com/Gerry3010/passbubble/pkg/keyring/keyring.go:78.26,80.3 1 0
github.com/Gerry3010/passbubble/pkg/keyring/keyring.go:81.2,81.23 1 0
github.com/Gerry3010/passbubble/pkg/keyring/keyring.go:81.23,83.3 1 0
github.com/Gerry3010/passbubble/pkg/keyring/keyring.go:85.2,89.26 3 0
github.com/Gerry3010/passbubble/pkg/keyring/keyring.go:89.26,91.3 1 0
github.com/Gerry3010/passbubble/pkg/keyring/keyring.go:94.2,94.28 1 0
github.com/Gerry3010/passbubble/pkg/keyring/keyring.go:94.28,96.3 1 0
github.com/Gerry3010/passbubble/pkg/keyring/keyring.go:97.2,97.24 1 0
github.com/Gerry3010/passbubble/pkg/keyring/keyring.go:97.24,99.3 1 0
github.com/Gerry3010/passbubble/pkg/keyring/keyring.go:100.2,100.22 1 0
github.com/Gerry3010/passbubble/pkg/keyring/keyring.go:100.22,102.3 1 0
github.com/Gerry3010/passbubble/pkg/keyring/keyring.go:103.2,103.22 1 0
github.com/Gerry3010/passbubble/pkg/keyring/keyring.go:103.22,105.3 1 0
github.com/Gerry3010/passbubble/pkg/keyring/keyring.go:106.2,106.27 1 0
github.com/Gerry3010/passbubble/pkg/keyring/keyring.go:106.27,108.3 1 0
github.com/Gerry3010/passbubble/pkg/keyring/keyring.go:109.2,109.23 1 0
github.com/Gerry3010/passbubble/pkg/keyring/keyring.go:109.23,111.3 1 0
github.com/Gerry3010/passbubble/pkg/keyring/keyring.go:113.2,116.34 3 0
github.com/Gerry3010/passbubble/pkg/keyring/keyring.go:116.34,118.3 1 0
github.com/Gerry3010/passbubble/pkg/keyring/keyring.go:120.2,120.12 1 0
github.com/Gerry3010/passbubble/pkg/keyring/keyring.go:123.62,124.20 1 0
github.com/Gerry3010/passbubble/pkg/keyring/keyring.go:125.22,126.23 1 0
github.com/Gerry3010/passbubble/pkg/keyring/keyring.go:127.22,128.23 1 0
github.com/Gerry3010/passbubble/pkg/keyring/keyring.go:129.24,130.19 1 0
github.com/Gerry3010/passbubble/pkg/keyring/keyring.go:131.24,132.19 1 0
github.com/Gerry3010/passbubble/pkg/keyring/keyring.go:133.22,134.23 1 0
github.com/Gerry3010/passbubble/pkg/keyring/keyring.go:135.10,136.20 1 0
github.com/Gerry3010/passbubble/pkg/keyring/keyring.go:141.65,143.20 2 0
github.com/Gerry3010/passbubble/pkg/keyring/keyring.go:143.20,145.3 1 0
github.com/Gerry3010/passbubble/pkg/keyring/keyring.go:147.2,149.16 3 0
github.com/Gerry3010/passbubble/pkg/keyring/keyring.go:149.16,151.3 1 0
github.com/Gerry3010/passbubble/pkg/keyring/keyring.go:153.2,153.47 1 0
github.com/Gerry3010/passbubble/pkg/keyring/keyring.go:157.70,160.16 2 0
github.com/Gerry3010/passbubble/pkg/keyring/keyring.go:160.16,162.3 1 0
github.com/Gerry3010/passbubble/pkg/keyring/keyring.go:165.2,166.16 2 0
github.com/Gerry3010/passbubble/pkg/keyring/keyring.go:166.16,168.3 1 0
github.com/Gerry3010/passbubble/pkg/keyring/keyring.go:170.2,170.32 1 0
github.com/Gerry3010/passbubble/pkg/keyring/keyring.go:170.32,171.61 1 0
github.com/Gerry3010/passbubble/pkg/keyring/keyring.go:171.61,174.4 2 0
github.com/Gerry3010/passbubble/pkg/keyring/keyring.go:178.2,183.8 1 0
github.com/Gerry3010/passbubble/pkg/keyring/keyring.go:187.58,189.20 2 0
github.com/Gerry3010/passbubble/pkg/keyring/keyring.go:189.20,191.3 1 0
github.com/Gerry3010/passbubble/pkg/keyring/keyring.go:193.2,194.34 2 0
github.com/Gerry3010/passbubble/pkg/keyring/keyring.go:194.34,196.3 1 0
github.com/Gerry3010/passbubble/pkg/keyring/keyring.go:198.2,198.12 1 0
github.com/Gerry3010/passbubble/pkg/keyring/keyring.go:202.43,211.16 3 0
github.com/Gerry3010/passbubble/pkg/keyring/keyring.go:211.16,213.3 1 0
github.com/Gerry3010/passbubble/pkg/keyring/keyring.go:216.2,222.29 5 0
github.com/Gerry3010/passbubble/pkg/keyring/keyring.go:222.29,230.17 3 0
github.com/Gerry3010/passbubble/pkg/keyring/keyring.go:230.17,231.12 1 0
github.com/Gerry3010/passbubble/pkg/keyring/keyring.go:234.3,239.26 4 0
github.com/Gerry3010/passbubble/pkg/keyring/keyring.go:239.26,240.12 1 0
github.com/Gerry3010/passbubble/pkg/keyring/keyring.go:243.3,251.114 3 0
github.com/Gerry3010/passbubble/pkg/keyring/keyring.go:251.114,253.4 1 0
github.com/Gerry3010/passbubble/pkg/keyring/keyring.go:256.3,256.109 1 0
github.com/Gerry3010/passbubble/pkg/keyring/keyring.go:256.109,258.4 1 0
github.com/Gerry3010/passbubble/pkg/keyring/keyring.go:258.9,260.4 1 0
github.com/Gerry3010/passbubble/pkg/keyring/keyring.go:263.3,263.108 1 0
github.com/Gerry3010/passbubble/pkg/keyring/keyring.go:263.108,265.4 1 0
github.com/Gerry3010/passbubble/pkg/keyring/keyring.go:268.3,268.108 1 0
github.com/Gerry3010/passbubble/pkg/keyring/keyring.go:268.108,269.54 1 0
github.com/Gerry3010/passbubble/pkg/keyring/keyring.go:269.54,271.5 1 0
github.com/Gerry3010/passbubble/pkg/keyring/keyring.go:275.3,275.108 1 0
github.com/Gerry3010/passbubble/pkg/keyring/keyring.go:275.108,276.54 1 0
github.com/Gerry3010/passbubble/pkg/keyring/keyring.go:276.54,278.5 1 0
github.com/Gerry3010/passbubble/pkg/keyring/keyring.go:282.3,282.107 1 0
github.com/Gerry3010/passbubble/pkg/keyring/keyring.go:282.107,284.4 1 0
github.com/Gerry3010/passbubble/pkg/keyring/keyring.go:287.3,287.105 1 0
github.com/Gerry3010/passbubble/pkg/keyring/keyring.go:287.105,289.4 1 0
github.com/Gerry3010/passbubble/pkg/keyring/keyring.go:292.3,293.27 2 0
github.com/Gerry3010/passbubble/pkg/keyring/keyring.go:293.27,295.4 1 0
github.com/Gerry3010/passbubble/pkg/keyring/keyring.go:297.3,297.17 1 0
github.com/Gerry3010/passbubble/pkg/keyring/keyring.go:297.17,300.4 2 0
github.com/Gerry3010/passbubble/pkg/keyring/keyring.go:304.2,304.42 1 0
github.com/Gerry3010/passbubble/pkg/keyring/keyring.go:304.42,305.47 1 0
github.com/Gerry3010/passbubble/pkg/keyring/keyring.go:305.47,307.4 1 0
github.com/Gerry3010/passbubble/pkg/keyring/keyring.go:308.3,308.49 1 0
github.com/Gerry3010/passbubble/pkg/keyring/keyring.go:311.2,311.21 1 0
github.com/Gerry3010/passbubble/pkg/keyring/keyring.go:315.59,317.16 2 0
github.com/Gerry3010/passbubble/pkg/keyring/keyring.go:317.16,319.3 1 0
github.com/Gerry3010/passbubble/pkg/keyring/keyring.go:321.2,324.32 3 0
github.com/Gerry3010/passbubble/pkg/keyring/keyring.go:324.32,328.80 3 0
github.com/Gerry3010/passbubble/pkg/keyring/keyring.go:328.80,330.4 1 0
github.com/Gerry3010/passbubble/pkg/keyring/keyring.go:333.2,333.21 1 0
github.com/Gerry3010/passbubble/pkg/keyring/keyring.go:337.38,340.2 2 0
github.com/Gerry3010/passbubble/pkg/keyring/keyring.go:343.29,344.43 1 0
github.com/Gerry3010/passbubble/pkg/keyring/keyring.go:344.43,346.3 1 0
github.com/Gerry3010/passbubble/pkg/keyring/keyring.go:347.2,347.10 1 0
github.com/Gerry3010/passbubble/internal/tui/actions.go:37.62,38.22 1 0
github.com/Gerry3010/passbubble/internal/tui/actions.go:39.23,40.43 1 0
github.com/Gerry3010/passbubble/internal/tui/actions.go:41.19,42.39 1 0
github.com/Gerry3010/passbubble/internal/tui/actions.go:43.26,44.61 1 0
github.com/Gerry3010/passbubble/internal/tui/actions.go:45.21,46.56 1 0
github.com/Gerry3010/passbubble/internal/tui/actions.go:47.24,48.44 1 0
github.com/Gerry3010/passbubble/internal/tui/actions.go:49.24,50.44 1 0
github.com/Gerry3010/passbubble/internal/tui/actions.go:51.10,52.25 1 0
github.com/Gerry3010/passbubble/internal/tui/actions.go:52.25,58.4 1 0
github.com/Gerry3010/passbubble/internal/tui/actions.go:63.58,64.24 1 0
github.com/Gerry3010/passbubble/internal/tui/actions.go:64.24,69.20 4 0
github.com/Gerry3010/passbubble/internal/tui/actions.go:69.20,75.4 1 0
github.com/Gerry3010/passbubble/internal/tui/actions.go:78.3,78.21 1 0
github.com/Gerry3010/passbubble/internal/tui/actions.go:78.21,81.18 3 0
github.com/Gerry3010/passbubble/internal/tui/actions.go:81.18,88.5 1 0
github.com/Gerry3010/passbubble/internal/tui/actions.go:89.4,89.27 1 0
github.com/Gerry3010/passbubble/internal/tui/actions.go:93.3,102.46 3 0
github.com/Gerry3010/passbubble/internal/tui/actions.go:102.46,109.4 1 0
github.com/Gerry3010/passbubble/internal/tui/actions.go:111.3,112.21 2 0
github.com/Gerry3010/passbubble/internal/tui/actions.go:112.21,114.4 1 0
github.com/Gerry3010/passbubble/internal/tui/actions.go:115.3,121.4 2 0
github.com/Gerry3010/passbubble/internal/tui/actions.go:126.54,127.24 1 0
github.com/Gerry3010/passbubble/internal/tui/actions.go:127.24,136.20 8 0
github.com/Gerry3010/passbubble/internal/tui/actions.go:136.20,142.4 1 0
github.com/Gerry3010/passbubble/internal/tui/actions.go:145.3,145.19 1 0
github.com/Gerry3010/passbubble/internal/tui/actions.go:145.19,151.4 1 0
github.com/Gerry3010/passbubble/internal/tui/actions.go:153.3,153.34 1 0
github.com/Gerry3010/passbubble/internal/tui/actions.go:153.34,159.4 1 0
github.com/Gerry3010/passbubble/internal/tui/actions.go:162.3,162.22 1 0
github.com/Gerry3010/passbubble/internal/tui/actions.go:162.22,164.4 1 0
github.com/Gerry3010/passbubble/internal/tui/actions.go:164.9,166.77 2 0
github.com/Gerry3010/passbubble/internal/tui/actions.go:166.77,172.5 1 0
github.com/Gerry3010/passbubble/internal/tui/actions.go:176.3,177.22 2 0
github.com/Gerry3010/passbubble/internal/tui/actions.go:177.22,179.62 2 0
github.com/Gerry3010/passbubble/internal/tui/actions.go:179.62,185.5 1 0
github.com/Gerry3010/passbubble/internal/tui/actions.go:186.4,186.25 1 0
github.com/Gerry3010/passbubble/internal/tui/actions.go:190.3,191.22 2 0
github.com/Gerry3010/passbubble/internal/tui/actions.go:191.22,193.61 2 0
github.com/Gerry3010/passbubble/internal/tui/actions.go:193.61,199.5 1 0
github.com/Gerry3010/passbubble/internal/tui/actions.go:200.4,200.25 1 0
github.com/Gerry3010/passbubble/internal/tui/actions.go:204.3,217.46 3 0
github.com/Gerry3010/passbubble/internal/tui/actions.go:217.46,224.4 1 0
github.com/Gerry3010/passbubble/internal/tui/actions.go:226.3,227.21 2 0
github.com/Gerry3010/passbubble/internal/tui/actions.go:227.21,229.4 1 0
github.com/Gerry3010/passbubble/internal/tui/actions.go:230.3,236.4 2 0
github.com/Gerry3010/passbubble/internal/tui/actions.go:241.75,242.24 1 0
github.com/Gerry3010/passbubble/internal/tui/actions.go:242.24,243.19 1 0
github.com/Gerry3010/passbubble/internal/tui/actions.go:243.19,249.4 1 0
github.com/Gerry3010/passbubble/internal/tui/actions.go:251.3,258.19 6 0
github.com/Gerry3010/passbubble/internal/tui/actions.go:258.19,264.4 1 0
github.com/Gerry3010/passbubble/internal/tui/actions.go:266.3,266.34 1 0
github.com/Gerry3010/passbubble/internal/tui/actions.go:266.34,272.4 1 0
github.com/Gerry3010/passbubble/internal/tui/actions.go:275.3,275.22 1 0
github.com/Gerry3010/passbubble/internal/tui/actions.go:275.22,277.4 1 0
github.com/Gerry3010/passbubble/internal/tui/actions.go:277.9,279.77 2 0
github.com/Gerry3010/passbubble/internal/tui/actions.go:279.77,285.5 1 0
github.com/Gerry3010/passbubble/internal/tui/actions.go:289.3,290.22 2 0
github.com/Gerry3010/passbubble/internal/tui/actions.go:290.22,292.62 2 0
github.com/Gerry3010/passbubble/internal/tui/actions.go:292.62,298.5 1 0
github.com/Gerry3010/passbubble/internal/tui/actions.go:299.4,299.25 1 0
github.com/Gerry3010/passbubble/internal/tui/actions.go:303.3,304.22 2 0
github.com/Gerry3010/passbubble/internal/tui/actions.go:304.22,306.61 2 0
github.com/Gerry3010/passbubble/internal/tui/actions.go:306.61,312.5 1 0
github.com/Gerry3010/passbubble/internal/tui/actions.go:313.4,313.25 1 0
github.com/Gerry3010/passbubble/internal/tui/actions.go:317.3,333.50 4 0
github.com/Gerry3010/passbubble/internal/tui/actions.go:333.50,340.4 1 0
github.com/Gerry3010/passbubble/internal/tui/actions.go:342.3,343.27 2 0
github.com/Gerry3010/passbubble/internal/tui/actions.go:343.27,345.4 1 0
github.com/Gerry3010/passbubble/internal/tui/actions.go:346.3,352.4 2 0
github.com/Gerry3010/passbubble/internal/tui/actions.go:357.70,358.24 1 0
github.com/Gerry3010/passbubble/internal/tui/actions.go:358.24,359.19 1 0
github.com/Gerry3010/passbubble/internal/tui/actions.go:359.19,365.4 1 0
github.com/Gerry3010/passbubble/internal/tui/actions.go:367.3,376.23 9 0
github.com/Gerry3010/passbubble/internal/tui/actions.go:376.23,382.4 1 0
github.com/Gerry3010/passbubble/internal/tui/actions.go:384.3,387.67 2 0
github.com/Gerry3010/passbubble/internal/tui/actions.go:387.67,389.67 1 0
github.com/Gerry3010/passbubble/internal/tui/actions.go:389.67,396.5 1 0
github.com/Gerry3010/passbubble/internal/tui/actions.go:400.3,401.27 2 0
github.com/Gerry3010/passbubble/internal/tui/actions.go:401.27,404.18 2 0
github.com/Gerry3010/passbubble/internal/tui/actions.go:404.18,411.5 1 0
github.com/Gerry3010/passbubble/internal/tui/actions.go:414.4,415.23 2 0
github.com/Gerry3010/passbubble/internal/tui/actions.go:415.23,417.39 1 0
github.com/Gerry3010/passbubble/internal/tui/actions.go:417.39,423.6 1 0
github.com/Gerry3010/passbubble/internal/tui/actions.go:424.5,424.23 1 0
github.com/Gerry3010/passbubble/internal/tui/actions.go:428.4,429.26 2 0
github.com/Gerry3010/passbubble/internal/tui/actions.go:429.26,431.78 2 0
github.com/Gerry3010/passbubble/internal/tui/actions.go:431.78,437.6 1 0
github.com/Gerry3010/passbubble/internal/tui/actions.go:441.4,442.26 2 0
github.com/Gerry3010/passbubble/internal/tui/actions.go:442.26,444.63 2 0
github.com/Gerry3010/passbubble/internal/tui/actions.go:444.63,450.6 1 0
github.com/Gerry3010/passbubble/internal/tui/actions.go:451.5,451.26 1 0
github.com/Gerry3010/passbubble/internal/tui/actions.go:455.4,456.26 2 0
github.com/Gerry3010/passbubble/internal/tui/actions.go:456.26,458.62 2 0
github.com/Gerry3010/passbubble/internal/tui/actions.go:458.62,464.6 1 0
github.com/Gerry3010/passbubble/internal/tui/actions.go:465.5,465.26 1 0
github.com/Gerry3010/passbubble/internal/tui/actions.go:468.3,477.4 1 0
github.com/Gerry3010/passbubble/internal/tui/actions.go:478.8,481.25 2 0
github.com/Gerry3010/passbubble/internal/tui/actions.go:481.25,483.5 1 0
github.com/Gerry3010/passbubble/internal/tui/actions.go:483.10,486.19 2 0
github.com/Gerry3010/passbubble/internal/tui/actions.go:486.19,493.6 1 0
github.com/Gerry3010/passbubble/internal/tui/actions.go:494.5,494.32 1 0
github.com/Gerry3010/passbubble/internal/tui/actions.go:497.4,502.5 1 0
github.com/Gerry3010/passbubble/internal/tui/actions.go:506.3,506.53 1 0
github.com/Gerry3010/passbubble/internal/tui/actions.go:506.53,513.4 1 0
github.com/Gerry3010/passbubble/internal/tui/actions.go:515.3,516.24 2 0
github.com/Gerry3010/passbubble/internal/tui/actions.go:516.24,518.4 1 0
github.com/Gerry3010/passbubble/internal/tui/actions.go:519.3,525.4 2 0
github.com/Gerry3010/passbubble/internal/tui/actions.go:530.46,531.24 1 0
github.com/Gerry3010/passbubble/internal/tui/actions.go:531.24,532.19 1 0
github.com/Gerry3010/passbubble/internal/tui/actions.go:532.19,538.4 1 0
github.com/Gerry3010/passbubble/internal/tui/actions.go:540.3,541.66 2 0
github.com/Gerry3010/passbubble/internal/tui/actions.go:541.66,548.4 1 0
github.com/Gerry3010/passbubble/internal/tui/actions.go:550.3,551.27 2 0
github.com/Gerry3010/passbubble/internal/tui/actions.go:551.27,553.4 1 0
github.com/Gerry3010/passbubble/internal/tui/actions.go:555.3,559.4 1 0
github.com/Gerry3010/passbubble/internal/tui/actions.go:564.59,565.24 1 0
github.com/Gerry3010/passbubble/internal/tui/actions.go:565.24,574.23 4 0
github.com/Gerry3010/passbubble/internal/tui/actions.go:574.23,576.4 1 0
github.com/Gerry3010/passbubble/internal/tui/actions.go:578.3,580.17 3 0
github.com/Gerry3010/passbubble/internal/tui/actions.go:580.17,584.4 1 0
github.com/Gerry3010/passbubble/internal/tui/actions.go:586.3,588.4 1 0
github.com/Gerry3010/passbubble/internal/tui/actions.go:593.64,594.24 1 0
github.com/Gerry3010/passbubble/internal/tui/actions.go:594.24,598.66 3 0
github.com/Gerry3010/passbubble/internal/tui/actions.go:598.66,603.4 1 0
github.com/Gerry3010/passbubble/internal/tui/actions.go:605.3,608.4 1 0
github.com/Gerry3010/passbubble/internal/tui/actions.go:613.63,614.24 1 0
github.com/Gerry3010/passbubble/internal/tui/actions.go:614.24,622.3 1 0
github.com/Gerry3010/passbubble/internal/tui/actions.go:626.59,627.24 1 0
github.com/Gerry3010/passbubble/internal/tui/actions.go:627.24,632.20 4 0
github.com/Gerry3010/passbubble/internal/tui/actions.go:632.20,638.4 1 0
github.com/Gerry3010/passbubble/internal/tui/actions.go:640.3,640.21 1 0
github.com/Gerry3010/passbubble/internal/tui/actions.go:640.21,646.4 1 0
github.com/Gerry3010/passbubble/internal/tui/actions.go:649.3,658.46 3 0
github.com/Gerry3010/passbubble/internal/tui/actions.go:658.46,665.4 1 0
github.com/Gerry3010/passbubble/internal/tui/actions.go:667.3,668.21 2 0
github.com/Gerry3010/passbubble/internal/tui/actions.go:668.21,670.4 1 0
github.com/Gerry3010/passbubble/internal/tui/actions.go:671.3,677.4 2 0
github.com/Gerry3010/passbubble/internal/tui/enhanced.go:29.41,30.34 1 0
github.com/Gerry3010/passbubble/internal/tui/enhanced.go:30.34,32.3 1 0
github.com/Gerry3010/passbubble/internal/tui/enhanced.go:34.2,34.24 1 0
github.com/Gerry3010/passbubble/internal/tui/enhanced.go:34.24,38.17 3 0
github.com/Gerry3010/passbubble/internal/tui/enhanced.go:38.17,40.4 1 0
github.com/Gerry3010/passbubble/internal/tui/enhanced.go:43.3,47.17 3 0
github.com/Gerry3010/passbubble/internal/tui/enhanced.go:47.17,49.4 1 0
github.com/Gerry3010/passbubble/internal/tui/enhanced.go:52.3,60.4 3 0
github.com/Gerry3010/passbubble/internal/tui/enhanced.go:65.43,66.38 1 0
github.com/Gerry3010/passbubble/internal/tui/enhanced.go:66.38,68.3 1 0
github.com/Gerry3010/passbubble/internal/tui/enhanced.go:70.2,70.24 1 0
github.com/Gerry3010/passbubble/internal/tui/enhanced.go:70.24,73.17 3 0
github.com/Gerry3010/passbubble/internal/tui/enhanced.go:73.17,75.4 1 0
github.com/Gerry3010/passbubble/internal/tui/enhanced.go:77.3,77.43 1 0
github.com/Gerry3010/passbubble/internal/tui/enhanced.go:82.65,83.27 1 0
github.com/Gerry3010/passbubble/internal/tui/enhanced.go:84.21,85.23 1 0
github.com/Gerry3010/passbubble/internal/tui/enhanced.go:85.23,88.4 2 0
github.com/Gerry3010/passbubble/internal/tui/enhanced.go:90.3,92.16 3 0
github.com/Gerry3010/passbubble/internal/tui/enhanced.go:94.21,95.23 1 0
github.com/Gerry3010/passbubble/internal/tui/enhanced.go:95.23,98.4 2 0
github.com/Gerry3010/passbubble/internal/tui/enhanced.go:101.3,102.16 2 0
github.com/Gerry3010/passbubble/internal/tui/enhanced.go:104.10,105.23 1 0
github.com/Gerry3010/passbubble/internal/tui/enhanced.go:110.80,111.22 1 0
github.com/Gerry3010/passbubble/internal/tui/enhanced.go:112.18,117.16 4 0
github.com/Gerry3010/passbubble/internal/tui/enhanced.go:119.11,122.20 2 0
github.com/Gerry3010/passbubble/internal/tui/enhanced.go:122.20,123.30 1 0
github.com/Gerry3010/passbubble/internal/tui/enhanced.go:124.16,125.33 1 0
github.com/Gerry3010/passbubble/internal/tui/enhanced.go:126.20,127.35 1 0
github.com/Gerry3010/passbubble/internal/tui/enhanced.go:129.9,133.4 2 0
github.com/Gerry3010/passbubble/internal/tui/enhanced.go:134.3,134.16 1 0
github.com/Gerry3010/passbubble/internal/tui/enhanced.go:137.2,137.15 1 0
github.com/Gerry3010/passbubble/internal/tui/enhanced.go:141.52,147.34 4 0
github.com/Gerry3010/passbubble/internal/tui/enhanced.go:147.34,149.3 1 0
github.com/Gerry3010/passbubble/internal/tui/enhanced.go:151.2,154.19 2 0
github.com/Gerry3010/passbubble/internal/tui/enhanced.go:154.19,155.29 1 0
github.com/Gerry3010/passbubble/internal/tui/enhanced.go:156.19,160.107 3 0
github.com/Gerry3010/passbubble/internal/tui/enhanced.go:162.15,163.24 1 0
github.com/Gerry3010/passbubble/internal/tui/enhanced.go:163.24,169.28 4 0
github.com/Gerry3010/passbubble/internal/tui/enhanced.go:169.28,172.6 2 0
github.com/Gerry3010/passbubble/internal/tui/enhanced.go:173.10,176.5 2 0
github.com/Gerry3010/passbubble/internal/tui/enhanced.go:178.8,181.3 2 0
github.com/Gerry3010/passbubble/internal/tui/enhanced.go:183.2,198.3 4 0
github.com/Gerry3010/passbubble/internal/tui/forms.go:66.40,75.37 1 0
github.com/Gerry3010/passbubble/internal/tui/forms.go:75.37,76.36 1 0
github.com/Gerry3010/passbubble/internal/tui/forms.go:76.36,78.7 1 0
github.com/Gerry3010/passbubble/internal/tui/forms.go:79.6,79.16 1 0
github.com/Gerry3010/passbubble/internal/tui/forms.go:98.36,107.37 1 0
github.com/Gerry3010/passbubble/internal/tui/forms.go:107.37,108.36 1 0
github.com/Gerry3010/passbubble/internal/tui/forms.go:108.36,110.7 1 0
github.com/Gerry3010/passbubble/internal/tui/forms.go:111.6,111.16 1 0
github.com/Gerry3010/passbubble/internal/tui/forms.go:128.37,129.36 1 0
github.com/Gerry3010/passbubble/internal/tui/forms.go:129.36,131.7 1 0
github.com/Gerry3010/passbubble/internal/tui/forms.go:132.6,132.32 1 0
github.com/Gerry3010/passbubble/internal/tui/forms.go:132.32,134.7 1 0
github.com/Gerry3010/passbubble/internal/tui/forms.go:135.6,135.16 1 0
github.com/Gerry3010/passbubble/internal/tui/forms.go:143.37,144.17 1 0
github.com/Gerry3010/passbubble/internal/tui/forms.go:144.17,146.7 1 0
github.com/Gerry3010/passbubble/internal/tui/forms.go:147.6,148.55 2 0
github.com/Gerry3010/passbubble/internal/tui/forms.go:148.55,150.7 1 0
github.com/Gerry3010/passbubble/internal/tui/forms.go:151.6,151.16 1 0
github.com/Gerry3010/passbubble/internal/tui/forms.go:159.37,160.17 1 0
github.com/Gerry3010/passbubble/internal/tui/forms.go:160.17,162.7 1 0
github.com/Gerry3010/passbubble/internal/tui/forms.go:163.6,164.30 2 0
github.com/Gerry3010/passbubble/internal/tui/forms.go:164.30,166.7 1 0
github.com/Gerry3010/passbubble/internal/tui/forms.go:167.6,167.16 1 0
github.com/Gerry3010/passbubble/internal/tui/forms.go:175.37,176.17 1 0
github.com/Gerry3010/passbubble/internal/tui/forms.go:176.17,178.7 1 0
github.com/Gerry3010/passbubble/internal/tui/forms.go:179.6,180.83 2 0
github.com/Gerry3010/passbubble/internal/tui/forms.go:180.83,182.7 1 0
github.com/Gerry3010/passbubble/internal/tui/forms.go:183.6,183.16 1 0
github.com/Gerry3010/passbubble/internal/tui/forms.go:191.54,216.37 1 0
github.com/Gerry3010/passbubble/internal/tui/forms.go:216.37,217.36 1 0
github.com/Gerry3010/passbubble/internal/tui/forms.go:217.36,219.7 1 0
github.com/Gerry3010/passbubble/internal/tui/forms.go:220.6,220.32 1 0
github.com/Gerry3010/passbubble/internal/tui/forms.go:220.32,222.7 1 0
github.com/Gerry3010/passbubble/internal/tui/forms.go:223.6,223.16 1 0
github.com/Gerry3010/passbubble/internal/tui/forms.go:231.37,232.17 1 0
github.com/Gerry3010/passbubble/internal/tui/forms.go:232.17,234.7 1 0
github.com/Gerry3010/passbubble/internal/tui/forms.go:235.6,236.55 2 0
github.com/Gerry3010/passbubble/internal/tui/forms.go:236.55,238.7 1 0
github.com/Gerry3010/passbubble/internal/tui/forms.go:239.6,239.16 1 0
github.com/Gerry3010/passbubble/internal/tui/forms.go:247.37,248.17 1 0
github.com/Gerry3010/passbubble/internal/tui/forms.go:248.17,250.7 1 0
github.com/Gerry3010/passbubble/internal/tui/forms.go:251.6,252.30 2 0
github.com/Gerry3010/passbubble/internal/tui/forms.go:252.30,254.7 1 0
github.com/Gerry3010/passbubble/internal/tui/forms.go:255.6,255.16 1 0
github.com/Gerry3010/passbubble/internal/tui/forms.go:263.37,264.17 1 0
github.com/Gerry3010/passbubble/internal/tui/forms.go:264.17,266.7 1 0
github.com/Gerry3010/passbubble/internal/tui/forms.go:267.6,268.83 2 0
github.com/Gerry3010/passbubble/internal/tui/forms.go:268.83,270.7 1 0
github.com/Gerry3010/passbubble/internal/tui/forms.go:271.6,271.16 1 0
github.com/Gerry3010/passbubble/internal/tui/forms.go:279.49,282.26 2 0
github.com/Gerry3010/passbubble/internal/tui/forms.go:282.26,303.37 1 0
github.com/Gerry3010/passbubble/internal/tui/forms.go:303.37,304.43 1 0
github.com/Gerry3010/passbubble/internal/tui/forms.go:304.43,306.7 1 0
github.com/Gerry3010/passbubble/internal/tui/forms.go:307.6,307.16 1 0
github.com/Gerry3010/passbubble/internal/tui/forms.go:315.37,316.17 1 0
github.com/Gerry3010/passbubble/internal/tui/forms.go:316.17,318.7 1 0
github.com/Gerry3010/passbubble/internal/tui/forms.go:319.6,320.55 2 0
github.com/Gerry3010/passbubble/internal/tui/forms.go:320.55,322.7 1 0
github.com/Gerry3010/passbubble/internal/tui/forms.go:323.6,323.16 1 0
github.com/Gerry3010/passbubble/internal/tui/forms.go:331.37,332.17 1 0
github.com/Gerry3010/passbubble/internal/tui/forms.go:332.17,334.7 1 0
github.com/Gerry3010/passbubble/internal/tui/forms.go:335.6,336.30 2 0
github.com/Gerry3010/passbubble/internal/tui/forms.go:336.30,338.7 1 0
github.com/Gerry3010/passbubble/internal/tui/forms.go:339.6,339.16 1 0
github.com/Gerry3010/passbubble/internal/tui/forms.go:347.37,348.17 1 0
github.com/Gerry3010/passbubble/internal/tui/forms.go:348.17,350.7 1 0
github.com/Gerry3010/passbubble/internal/tui/forms.go:351.6,352.83 2 0
github.com/Gerry3010/passbubble/internal/tui/forms.go:352.83,354.7 1 0
github.com/Gerry3010/passbubble/internal/tui/forms.go:355.6,355.16 1 0
github.com/Gerry3010/passbubble/internal/tui/forms.go:359.8,378.3 1 0
github.com/Gerry3010/passbubble/internal/tui/forms.go:380.2,385.3 1 0
github.com/Gerry3010/passbubble/internal/tui/forms.go:389.53,395.2 1 0
github.com/Gerry3010/passbubble/internal/tui/forms.go:398.41,410.2 1 0
github.com/Gerry3010/passbubble/internal/tui/forms.go:413.65,422.37 1 0
github.com/Gerry3010/passbubble/internal/tui/forms.go:422.37,423.36 1 0
github.com/Gerry3010/passbubble/internal/tui/forms.go:423.36,425.7 1 0
github.com/Gerry3010/passbubble/internal/tui/forms.go:426.6,426.16 1 0
github.com/Gerry3010/passbubble/internal/tui/forms.go:444.61,445.27 1 0
github.com/Gerry3010/passbubble/internal/tui/forms.go:446.18,447.23 1 0
github.com/Gerry3010/passbubble/internal/tui/forms.go:448.14,449.29 1 0
github.com/Gerry3010/passbubble/internal/tui/forms.go:449.29,449.58 1 0
github.com/Gerry3010/passbubble/internal/tui/forms.go:451.17,452.22 1 0
github.com/Gerry3010/passbubble/internal/tui/forms.go:454.22,455.35 1 0
github.com/Gerry3010/passbubble/internal/tui/forms.go:455.35,457.5 1 0
github.com/Gerry3010/passbubble/internal/tui/forms.go:458.4,458.40 1 0
github.com/Gerry3010/passbubble/internal/tui/forms.go:458.40,460.5 1 0
github.com/Gerry3010/passbubble/internal/tui/forms.go:462.26,463.35 1 0
github.com/Gerry3010/passbubble/internal/tui/forms.go:463.35,465.5 1 0
github.com/Gerry3010/passbubble/internal/tui/forms.go:466.4,466.26 1 0
github.com/Gerry3010/passbubble/internal/tui/forms.go:466.26,468.5 1 0
github.com/Gerry3010/passbubble/internal/tui/forms.go:470.16,471.18 1 0
github.com/Gerry3010/passbubble/internal/tui/forms.go:472.27,474.30 2 0
github.com/Gerry3010/passbubble/internal/tui/forms.go:474.30,480.6 1 0
github.com/Gerry3010/passbubble/internal/tui/forms.go:482.12,484.39 1 0
github.com/Gerry3010/passbubble/internal/tui/forms.go:484.39,486.32 2 0
github.com/Gerry3010/passbubble/internal/tui/forms.go:486.32,487.58 1 0
github.com/Gerry3010/passbubble/internal/tui/forms.go:487.58,490.8 2 0
github.com/Gerry3010/passbubble/internal/tui/forms.go:495.5,495.67 1 0
github.com/Gerry3010/passbubble/internal/tui/forms.go:495.67,497.6 1 0
github.com/Gerry3010/passbubble/internal/tui/forms.go:497.11,499.6 1 0
github.com/Gerry3010/passbubble/internal/tui/forms.go:502.20,503.35 1 0
github.com/Gerry3010/passbubble/internal/tui/forms.go:503.35,505.5 1 0
github.com/Gerry3010/passbubble/internal/tui/forms.go:506.4,506.38 1 0
github.com/Gerry3010/passbubble/internal/tui/forms.go:506.38,508.29 2 0
github.com/Gerry3010/passbubble/internal/tui/forms.go:508.29,510.6 1 0
github.com/Gerry3010/passbubble/internal/tui/forms.go:513.17,514.35 1 0
github.com/Gerry3010/passbubble/internal/tui/forms.go:514.35,515.30 1 0
github.com/Gerry3010/passbubble/internal/tui/forms.go:515.30,521.6 1 0
github.com/Gerry3010/passbubble/internal/tui/forms.go:523.4,523.15 1 0
github.com/Gerry3010/passbubble/internal/tui/forms.go:525.17,526.35 1 0
github.com/Gerry3010/passbubble/internal/tui/forms.go:526.35,527.30 1 0
github.com/Gerry3010/passbubble/internal/tui/forms.go:527.30,533.6 1 0
github.com/Gerry3010/passbubble/internal/tui/forms.go:535.4,535.15 1 0
github.com/Gerry3010/passbubble/internal/tui/forms.go:537.11,539.69 1 0
github.com/Gerry3010/passbubble/internal/tui/forms.go:539.69,541.31 2 0
github.com/Gerry3010/passbubble/internal/tui/forms.go:541.31,544.6 2 0
github.com/Gerry3010/passbubble/internal/tui/forms.go:549.2,549.15 1 0
github.com/Gerry3010/passbubble/internal/tui/forms.go:553.45,554.33 1 0
github.com/Gerry3010/passbubble/internal/tui/forms.go:554.33,555.63 1 0
github.com/Gerry3010/passbubble/internal/tui/forms.go:555.63,557.4 1 0
github.com/Gerry3010/passbubble/internal/tui/forms.go:558.3,558.68 1 0
github.com/Gerry3010/passbubble/internal/tui/forms.go:558.68,560.4 1 0
github.com/Gerry3010/passbubble/internal/tui/forms.go:562.2,562.13 1 0
github.com/Gerry3010/passbubble/internal/tui/forms.go:566.54,568.33 1 0
github.com/Gerry3010/passbubble/internal/tui/forms.go:568.33,569.63 1 0
github.com/Gerry3010/passbubble/internal/tui/forms.go:569.63,573.4 3 0
github.com/Gerry3010/passbubble/internal/tui/forms.go:574.3,574.29 1 0
github.com/Gerry3010/passbubble/internal/tui/forms.go:574.29,575.55 1 0
github.com/Gerry3010/passbubble/internal/tui/forms.go:575.55,579.5 3 0
github.com/Gerry3010/passbubble/internal/tui/forms.go:584.2,585.33 2 0
github.com/Gerry3010/passbubble/internal/tui/forms.go:585.33,589.22 2 0
github.com/Gerry3010/passbubble/internal/tui/forms.go:590.18,591.37 1 0
github.com/Gerry3010/passbubble/internal/tui/forms.go:592.25,593.38 1 0
github.com/Gerry3010/passbubble/internal/tui/forms.go:594.91,595.38 1 0
github.com/Gerry3010/passbubble/internal/tui/forms.go:596.57,597.36 1 0
github.com/Gerry3010/passbubble/internal/tui/forms.go:598.17,599.36 1 0
github.com/Gerry3010/passbubble/internal/tui/forms.go:600.33,601.41 1 0
github.com/Gerry3010/passbubble/internal/tui/forms.go:602.41,603.38 1 0
github.com/Gerry3010/passbubble/internal/tui/forms.go:604.20,605.39 1 0
github.com/Gerry3010/passbubble/internal/tui/forms.go:606.17,607.36 1 0
github.com/Gerry3010/passbubble/internal/tui/forms.go:608.17,609.36 1 0
github.com/Gerry3010/passbubble/internal/tui/forms.go:613.2,615.27 2 0
github.com/Gerry3010/passbubble/internal/tui/forms.go:615.27,621.3 1 0
github.com/Gerry3010/passbubble/internal/tui/forms.go:625.34,639.33 5 0
github.com/Gerry3010/passbubble/internal/tui/forms.go:639.33,641.29 2 0
github.com/Gerry3010/passbubble/internal/tui/forms.go:641.29,643.4 1 0
github.com/Gerry3010/passbubble/internal/tui/forms.go:644.3,665.22 7 0
github.com/Gerry3010/passbubble/internal/tui/forms.go:669.2,669.33 1 0
github.com/Gerry3010/passbubble/internal/tui/forms.go:669.33,672.23 2 0
github.com/Gerry3010/passbubble/internal/tui/forms.go:672.23,674.4 1 0
github.com/Gerry3010/passbubble/internal/tui/forms.go:676.3,680.26 2 0
github.com/Gerry3010/passbubble/internal/tui/forms.go:680.26,682.4 1 0
github.com/Gerry3010/passbubble/internal/tui/forms.go:684.3,689.38 4 0
github.com/Gerry3010/passbubble/internal/tui/forms.go:689.38,691.4 1 0
github.com/Gerry3010/passbubble/internal/tui/forms.go:693.3,693.45 1 0
github.com/Gerry3010/passbubble/internal/tui/forms.go:693.45,698.4 1 0
github.com/Gerry3010/passbubble/internal/tui/forms.go:700.3,706.26 2 0
github.com/Gerry3010/passbubble/internal/tui/forms.go:706.26,709.4 2 0
github.com/Gerry3010/passbubble/internal/tui/forms.go:711.3,712.24 2 0
github.com/Gerry3010/passbubble/internal/tui/forms.go:716.2,716.19 1 0
github.com/Gerry3010/passbubble/internal/tui/forms.go:716.19,723.3 3 0
github.com/Gerry3010/passbubble/internal/tui/forms.go:726.2,738.21 3 0
github.com/Gerry3010/passbubble/internal/tui/main.go:81.23,128.2 1 0
github.com/Gerry3010/passbubble/internal/tui/main.go:131.31,134.52 1 0
github.com/Gerry3010/passbubble/internal/tui/main.go:134.52,136.4 1 0
github.com/Gerry3010/passbubble/internal/tui/main.go:158.57,160.19 1 0
github.com/Gerry3010/passbubble/internal/tui/main.go:160.19,161.28 1 0
github.com/Gerry3010/passbubble/internal/tui/main.go:162.25,164.40 2 0
github.com/Gerry3010/passbubble/internal/tui/main.go:166.25,170.17 4 0
github.com/Gerry3010/passbubble/internal/tui/main.go:172.24,174.47 2 0
github.com/Gerry3010/passbubble/internal/tui/main.go:174.47,175.43 1 0
github.com/Gerry3010/passbubble/internal/tui/main.go:175.43,177.6 1 0
github.com/Gerry3010/passbubble/internal/tui/main.go:178.10,181.5 2 0
github.com/Gerry3010/passbubble/internal/tui/main.go:182.4,182.17 1 0
github.com/Gerry3010/passbubble/internal/tui/main.go:184.11,187.17 3 0
github.com/Gerry3010/passbubble/internal/tui/main.go:191.2,191.27 1 0
github.com/Gerry3010/passbubble/internal/tui/main.go:192.25,195.16 3 0
github.com/Gerry3010/passbubble/internal/tui/main.go:197.18,198.31 1 0
github.com/Gerry3010/passbubble/internal/tui/main.go:200.22,201.21 1 0
github.com/Gerry3010/passbubble/internal/tui/main.go:201.21,204.4 2 0
github.com/Gerry3010/passbubble/internal/tui/main.go:205.3,208.16 4 0
github.com/Gerry3010/passbubble/internal/tui/main.go:210.22,211.21 1 0
github.com/Gerry3010/passbubble/internal/tui/main.go:211.21,214.4 2 0
github.com/Gerry3010/passbubble/internal/tui/main.go:215.3,218.16 4 0
github.com/Gerry3010/passbubble/internal/tui/main.go:220.21,221.23 1 0
github.com/Gerry3010/passbubble/internal/tui/main.go:221.23,225.4 3 0
github.com/Gerry3010/passbubble/internal/tui/main.go:226.3,228.16 3 0
github.com/Gerry3010/passbubble/internal/tui/main.go:230.21,231.23 1 0
github.com/Gerry3010/passbubble/internal/tui/main.go:231.23,235.4 3 0
github.com/Gerry3010/passbubble/internal/tui/main.go:236.3,237.16 2 0
github.com/Gerry3010/passbubble/internal/tui/main.go:239.23,241.18 2 0
github.com/Gerry3010/passbubble/internal/tui/main.go:241.18,245.66 2 0
github.com/Gerry3010/passbubble/internal/tui/main.go:245.66,247.5 1 0
github.com/Gerry3010/passbubble/internal/tui/main.go:248.9,250.4 1 0
github.com/Gerry3010/passbubble/internal/tui/main.go:251.3,251.16 1 0
github.com/Gerry3010/passbubble/internal/tui/main.go:253.24,254.23 1 0
github.com/Gerry3010/passbubble/internal/tui/main.go:254.23,257.4 2 0
github.com/Gerry3010/passbubble/internal/tui/main.go:257.9,261.32 3 0
github.com/Gerry3010/passbubble/internal/tui/main.go:261.32,263.5 1 0
github.com/Gerry3010/passbubble/internal/tui/main.go:265.3,265.16 1 0
github.com/Gerry3010/passbubble/internal/tui/main.go:267.25,268.23 1 0
github.com/Gerry3010/passbubble/internal/tui/main.go:268.23,271.4 2 0
github.com/Gerry3010/passbubble/internal/tui/main.go:271.9,276.4 3 0
github.com/Gerry3010/passbubble/internal/tui/main.go:277.3,277.16 1 0
github.com/Gerry3010/passbubble/internal/tui/main.go:279.15,281.67 1 0
github.com/Gerry3010/passbubble/internal/tui/main.go:281.67,283.4 1 0
github.com/Gerry3010/passbubble/internal/tui/main.go:285.3,285.80 1 0
github.com/Gerry3010/passbubble/internal/tui/main.go:285.80,287.27 1 0
github.com/Gerry3010/passbubble/internal/tui/main.go:287.27,290.29 2 0
github.com/Gerry3010/passbubble/internal/tui/main.go:290.29,292.6 1 0
github.com/Gerry3010/passbubble/internal/tui/main.go:294.5,294.26 1 0
github.com/Gerry3010/passbubble/internal/tui/main.go:295.10,298.5 1 0
github.com/Gerry3010/passbubble/internal/tui/main.go:300.3,300.24 1 0
github.com/Gerry3010/passbubble/internal/tui/main.go:302.28,303.23 1 0
github.com/Gerry3010/passbubble/internal/tui/main.go:303.23,307.4 3 0
github.com/Gerry3010/passbubble/internal/tui/main.go:308.3,312.16 5 0
github.com/Gerry3010/passbubble/internal/tui/main.go:315.2,315.15 1 0
github.com/Gerry3010/passbubble/internal/tui/main.go:319.68,320.18 1 0
github.com/Gerry3010/passbubble/internal/tui/main.go:321.18,322.33 1 0
github.com/Gerry3010/passbubble/internal/tui/main.go:323.20,324.35 1 0
github.com/Gerry3010/passbubble/internal/tui/main.go:325.20,326.35 1 0
github.com/Gerry3010/passbubble/internal/tui/main.go:327.22,328.37 1 0
github.com/Gerry3010/passbubble/internal/tui/main.go:329.10,330.16 1 0
github.com/Gerry3010/passbubble/internal/tui/main.go:335.70,336.22 1 0
github.com/Gerry3010/passbubble/internal/tui/main.go:337.21,338.21 1 0
github.com/Gerry3010/passbubble/internal/tui/main.go:340.17,341.19 1 0
github.com/Gerry3010/passbubble/internal/tui/main.go:341.19,343.4 1 0
github.com/Gerry3010/passbubble/internal/tui/main.go:345.19,346.34 1 0
github.com/Gerry3010/passbubble/internal/tui/main.go:346.34,348.4 1 0
github.com/Gerry3010/passbubble/internal/tui/main.go:350.15,351.25 1 0
github.com/Gerry3010/passbubble/internal/tui/main.go:351.25,356.40 4 0
github.com/Gerry3010/passbubble/internal/tui/main.go:356.40,358.5 1 0
github.com/Gerry3010/passbubble/internal/tui/main.go:359.4,359.35 1 0
github.com/Gerry3010/passbubble/internal/tui/main.go:362.11,368.16 5 0
github.com/Gerry3010/passbubble/internal/tui/main.go:370.11,372.66 1 0
github.com/Gerry3010/passbubble/internal/tui/main.go:372.66,377.4 4 0
github.com/Gerry3010/passbubble/internal/tui/main.go:378.3,378.16 1 0
github.com/Gerry3010/passbubble/internal/tui/main.go:380.11,382.66 1 0
github.com/Gerry3010/passbubble/internal/tui/main.go:382.66,387.4 4 0
github.com/Gerry3010/passbubble/internal/tui/main.go:388.3,388.16 1 0
github.com/Gerry3010/passbubble/internal/tui/main.go:390.11,392.25 1 0
github.com/Gerry3010/passbubble/internal/tui/main.go:392.25,397.4 4 0
github.com/Gerry3010/passbubble/internal/tui/main.go:398.3,398.16 1 0
github.com/Gerry3010/passbubble/internal/tui/main.go:400.11,402.25 1 0
github.com/Gerry3010/passbubble/internal/tui/main.go:402.25,407.4 4 0
github.com/Gerry3010/passbubble/internal/tui/main.go:408.3,408.16 1 0
github.com/Gerry3010/passbubble/internal/tui/main.go:410.11,416.16 5 0
github.com/Gerry3010/passbubble/internal/tui/main.go:418.11,422.28 3 0
github.com/Gerry3010/passbubble/internal/tui/main.go:424.11,431.16 6 0
github.com/Gerry3010/passbubble/internal/tui/main.go:433.11,436.28 2 0
github.com/Gerry3010/passbubble/internal/tui/main.go:439.2,439.15 1 0
github.com/Gerry3010/passbubble/internal/tui/main.go:443.72,444.22 1 0
github.com/Gerry3010/passbubble/internal/tui/main.go:445.18,447.16 2 0
github.com/Gerry3010/passbubble/internal/tui/main.go:449.11,451.29 1 0
github.com/Gerry3010/passbubble/internal/tui/main.go:452.19,453.38 1 0
github.com/Gerry3010/passbubble/internal/tui/main.go:454.15,456.21 2 0
github.com/Gerry3010/passbubble/internal/tui/main.go:456.21,458.5 1 0
github.com/Gerry3010/passbubble/internal/tui/main.go:458.10,462.5 2 0
github.com/Gerry3010/passbubble/internal/tui/main.go:464.3,464.16 1 0
github.com/Gerry3010/passbubble/internal/tui/main.go:466.11,468.39 1 0
github.com/Gerry3010/passbubble/internal/tui/main.go:468.39,473.4 4 0
github.com/Gerry3010/passbubble/internal/tui/main.go:474.3,474.16 1 0
github.com/Gerry3010/passbubble/internal/tui/main.go:476.11,482.16 5 0
github.com/Gerry3010/passbubble/internal/tui/main.go:485.2,485.15 1 0
github.com/Gerry3010/passbubble/internal/tui/main.go:489.72,490.22 1 0
github.com/Gerry3010/passbubble/internal/tui/main.go:491.18,493.16 2 0
github.com/Gerry3010/passbubble/internal/tui/main.go:495.17,496.25 1 0
github.com/Gerry3010/passbubble/internal/tui/main.go:496.25,498.4 1 0
github.com/Gerry3010/passbubble/internal/tui/main.go:500.19,501.40 1 0
github.com/Gerry3010/passbubble/internal/tui/main.go:501.40,503.4 1 0
github.com/Gerry3010/passbubble/internal/tui/main.go:505.11,507.25 1 0
github.com/Gerry3010/passbubble/internal/tui/main.go:507.25,509.4 1 0
github.com/Gerry3010/passbubble/internal/tui/main.go:510.3,510.16 1 0
github.com/Gerry3010/passbubble/internal/tui/main.go:512.11,514.25 1 0
github.com/Gerry3010/passbubble/internal/tui/main.go:514.25,516.4 1 0
github.com/Gerry3010/passbubble/internal/tui/main.go:517.3,517.16 1 0
github.com/Gerry3010/passbubble/internal/tui/main.go:519.11,522.28 2 0
github.com/Gerry3010/passbubble/internal/tui/main.go:525.2,525.15 1 0
github.com/Gerry3010/passbubble/internal/tui/main.go:529.74,530.22 1 0
github.com/Gerry3010/passbubble/internal/tui/main.go:531.18,533.16 2 0
github.com/Gerry3010/passbubble/internal/tui/main.go:535.11,538.41 2 0
github.com/Gerry3010/passbubble/internal/tui/main.go:540.11,543.44 2 0
github.com/Gerry3010/passbubble/internal/tui/main.go:545.11,548.45 2 0
github.com/Gerry3010/passbubble/internal/tui/main.go:550.11,552.32 1 0
github.com/Gerry3010/passbubble/internal/tui/main.go:552.32,557.4 4 0
github.com/Gerry3010/passbubble/internal/tui/main.go:558.3,558.16 1 0
github.com/Gerry3010/passbubble/internal/tui/main.go:561.2,561.15 1 0
github.com/Gerry3010/passbubble/internal/tui/main.go:566.30,568.19 1 0
github.com/Gerry3010/passbubble/internal/tui/main.go:568.19,570.3 1 0
github.com/Gerry3010/passbubble/internal/tui/main.go:572.2,572.18 1 0
github.com/Gerry3010/passbubble/internal/tui/main.go:573.18,574.30 1 0
github.com/Gerry3010/passbubble/internal/tui/main.go:575.20,576.32 1 0
github.com/Gerry3010/passbubble/internal/tui/main.go:577.20,578.32 1 0
github.com/Gerry3010/passbubble/internal/tui/main.go:579.22,580.34 1 0
github.com/Gerry3010/passbubble/internal/tui/main.go:581.10,582.26 1 0
github.com/Gerry3010/passbubble/internal/tui/main.go:587.42,588.18 1 0
github.com/Gerry3010/passbubble/internal/tui/main.go:588.18,590.3 1 0
github.com/Gerry3010/passbubble/internal/tui/main.go:592.2,596.34 3 0
github.com/Gerry3010/passbubble/internal/tui/main.go:596.34,598.20 2 0
github.com/Gerry3010/passbubble/internal/tui/main.go:598.20,600.4 1 0
github.com/Gerry3010/passbubble/internal/tui/main.go:602.3,604.27 3 0
github.com/Gerry3010/passbubble/internal/tui/main.go:604.27,606.4 1 0
github.com/Gerry3010/passbubble/internal/tui/main.go:608.3,608.20 1 0
github.com/Gerry3010/passbubble/internal/tui/main.go:608.20,610.4 1 0
github.com/Gerry3010/passbubble/internal/tui/main.go:612.3,612.34 1 0
github.com/Gerry3010/passbubble/internal/tui/main.go:615.2,615.23 1 0
github.com/Gerry3010/passbubble/internal/tui/main.go:615.23,617.3 1 0
github.com/Gerry3010/passbubble/internal/tui/main.go:619.2,628.20 4 0
github.com/Gerry3010/passbubble/internal/tui/main.go:628.20,630.23 2 0
github.com/Gerry3010/passbubble/internal/tui/main.go:631.18,632.81 1 0
github.com/Gerry3010/passbubble/internal/tui/main.go:633.16,634.82 1 0
github.com/Gerry3010/passbubble/internal/tui/main.go:635.11,636.31 1 0
github.com/Gerry3010/passbubble/internal/tui/main.go:638.3,638.67 1 0
github.com/Gerry3010/passbubble/internal/tui/main.go:641.2,648.3 1 0
github.com/Gerry3010/passbubble/internal/tui/main.go:652.44,658.34 4 0
github.com/Gerry3010/passbubble/internal/tui/main.go:658.34,660.3 1 0
github.com/Gerry3010/passbubble/internal/tui/main.go:662.2,665.38 2 0
github.com/Gerry3010/passbubble/internal/tui/main.go:665.38,667.23 2 0
github.com/Gerry3010/passbubble/internal/tui/main.go:667.23,668.23 1 0
github.com/Gerry3010/passbubble/internal/tui/main.go:668.23,674.5 4 0
github.com/Gerry3010/passbubble/internal/tui/main.go:674.10,679.5 3 0
github.com/Gerry3010/passbubble/internal/tui/main.go:680.9,682.4 1 0
github.com/Gerry3010/passbubble/internal/tui/main.go:686.2,686.34 1 0
github.com/Gerry3010/passbubble/internal/tui/main.go:686.34,687.20 1 0
github.com/Gerry3010/passbubble/internal/tui/main.go:687.20,688.24 1 0
github.com/Gerry3010/passbubble/internal/tui/main.go:688.24,694.28 4 0
github.com/Gerry3010/passbubble/internal/tui/main.go:694.28,697.6 2 0
github.com/Gerry3010/passbubble/internal/tui/main.go:699.9,702.4 2 0
github.com/Gerry3010/passbubble/internal/tui/main.go:705.2,709.28 3 0
github.com/Gerry3010/passbubble/internal/tui/main.go:710.18,711.95 1 0
github.com/Gerry3010/passbubble/internal/tui/main.go:712.14,713.80 1 0
github.com/Gerry3010/passbubble/internal/tui/main.go:714.10,715.53 1 0
github.com/Gerry3010/passbubble/internal/tui/main.go:717.2,725.3 2 0
github.com/Gerry3010/passbubble/internal/tui/main.go:729.44,733.35 3 0
github.com/Gerry3010/passbubble/internal/tui/main.go:733.35,735.26 2 0
github.com/Gerry3010/passbubble/internal/tui/main.go:735.26,737.4 1 0
github.com/Gerry3010/passbubble/internal/tui/main.go:739.3,741.26 2 0
github.com/Gerry3010/passbubble/internal/tui/main.go:741.26,743.4 1 0
github.com/Gerry3010/passbubble/internal/tui/main.go:745.3,745.40 1 0
github.com/Gerry3010/passbubble/internal/tui/main.go:748.2,748.26 1 0
github.com/Gerry3010/passbubble/internal/tui/main.go:748.26,750.3 1 0
github.com/Gerry3010/passbubble/internal/tui/main.go:752.2,757.20 4 0
github.com/Gerry3010/passbubble/internal/tui/main.go:757.20,759.3 1 0
github.com/Gerry3010/passbubble/internal/tui/main.go:761.2,768.3 1 0
github.com/Gerry3010/passbubble/internal/tui/main.go:772.46,787.31 10 0
github.com/Gerry3010/passbubble/internal/tui/main.go:787.31,794.3 6 0
github.com/Gerry3010/passbubble/internal/tui/main.go:794.8,796.3 1 0
github.com/Gerry3010/passbubble/internal/tui/main.go:798.2,803.20 4 0
github.com/Gerry3010/passbubble/internal/tui/main.go:803.20,805.3 1 0
github.com/Gerry3010/passbubble/internal/tui/main.go:807.2,814.3 1 0
github.com/Gerry3010/passbubble/internal/tui/main.go:818.53,819.19 1 0
github.com/Gerry3010/passbubble/internal/tui/main.go:820.18,821.16 1 0
github.com/Gerry3010/passbubble/internal/tui/main.go:822.14,823.16 1 0
github.com/Gerry3010/passbubble/internal/tui/main.go:824.17,825.19 1 0
github.com/Gerry3010/passbubble/internal/tui/main.go:826.14,827.16 1 0
github.com/Gerry3010/passbubble/internal/tui/main.go:828.10,829.15 1 0
github.com/Gerry3010/passbubble/internal/tui/main.go:834.59,840.29 5 0
github.com/Gerry3010/passbubble/internal/tui/main.go:840.29,841.17 1 0
github.com/Gerry3010/passbubble/internal/tui/main.go:841.17,843.4 1 0
github.com/Gerry3010/passbubble/internal/tui/main.go:843.9,845.4 1 0
github.com/Gerry3010/passbubble/internal/tui/main.go:847.2,849.45 2 0
github.com/Gerry3010/passbubble/internal/tui/main.go:853.38,854.24 1 0
github.com/Gerry3010/passbubble/internal/tui/main.go:854.24,857.17 3 0
github.com/Gerry3010/passbubble/internal/tui/main.go:857.17,859.4 1 0
github.com/Gerry3010/passbubble/internal/tui/main.go:861.3,862.33 2 0
github.com/Gerry3010/passbubble/internal/tui/main.go:862.33,868.4 1 0
github.com/Gerry3010/passbubble/internal/tui/main.go:870.3,870.45 1 0
github.com/Gerry3010/passbubble/internal/tui/main.go:875.38,876.24 1 0
github.com/Gerry3010/passbubble/internal/tui/main.go:876.24,880.17 4 0
github.com/Gerry3010/passbubble/internal/tui/main.go:880.17,882.4 1 0
github.com/Gerry3010/passbubble/internal/tui/main.go:884.3,884.42 1 0
github.com/Gerry3010/passbubble/internal/tui/main.go:889.44,890.24 1 0
github.com/Gerry3010/passbubble/internal/tui/main.go:890.24,894.3 1 0
github.com/Gerry3010/passbubble/internal/tui/main.go:898.37,900.2 1 0
github.com/Gerry3010/passbubble/internal/tui/main.go:910.62,911.24 1 0
github.com/Gerry3010/passbubble/internal/tui/main.go:911.24,915.23 2 0
github.com/Gerry3010/passbubble/internal/tui/main.go:916.17,919.32 2 0
github.com/Gerry3010/passbubble/internal/tui/main.go:920.20,923.35 2 0
github.com/Gerry3010/passbubble/internal/tui/main.go:924.21,927.36 2 0
github.com/Gerry3010/passbubble/internal/tui/main.go:928.11,931.5 1 0
github.com/Gerry3010/passbubble/internal/tui/main.go:935.3,938.17 3 0
github.com/Gerry3010/passbubble/internal/tui/main.go:938.17,942.4 1 0
github.com/Gerry3010/passbubble/internal/tui/main.go:944.3,944.26 1 0
github.com/Gerry3010/passbubble/internal/tui/main.go:944.26,948.4 1 0
github.com/Gerry3010/passbubble/internal/tui/main.go:950.3,953.4 1 0
github.com/Gerry3010/passbubble/internal/tui/main.go:958.23,963.2 4 0
github.com/Gerry3010/passbubble/cmd/pwmgr/main.go:10.13,11.38 1 0
github.com/Gerry3010/passbubble/cmd/pwmgr/main.go:11.38,14.3 2 0
github.com/Gerry3010/passbubble/pkg/totp/totp.go:26.40,32.2 1 3
github.com/Gerry3010/passbubble/pkg/totp/totp.go:35.68,36.17 1 1
github.com/Gerry3010/passbubble/pkg/totp/totp.go:36.17,38.3 1 0
github.com/Gerry3010/passbubble/pkg/totp/totp.go:40.2,47.16 2 1
github.com/Gerry3010/passbubble/pkg/totp/totp.go:47.16,49.3 1 0
github.com/Gerry3010/passbubble/pkg/totp/totp.go:51.2,51.37 1 1
github.com/Gerry3010/passbubble/pkg/totp/totp.go:55.73,56.17 1 1
github.com/Gerry3010/passbubble/pkg/totp/totp.go:56.17,58.3 1 0
github.com/Gerry3010/passbubble/pkg/totp/totp.go:61.2,70.16 3 1
github.com/Gerry3010/passbubble/pkg/totp/totp.go:70.16,72.3 1 0
github.com/Gerry3010/passbubble/pkg/totp/totp.go:74.2,74.18 1 1
github.com/Gerry3010/passbubble/pkg/totp/totp.go:78.68,79.17 1 1
github.com/Gerry3010/passbubble/pkg/totp/totp.go:79.17,81.3 1 0
github.com/Gerry3010/passbubble/pkg/totp/totp.go:84.2,92.14 3 1
github.com/Gerry3010/passbubble/pkg/totp/totp.go:96.68,98.16 2 4
github.com/Gerry3010/passbubble/pkg/totp/totp.go:98.16,100.3 1 0
github.com/Gerry3010/passbubble/pkg/totp/totp.go:102.2,102.47 1 4
github.com/Gerry3010/passbubble/pkg/totp/totp.go:102.47,104.3 1 1
github.com/Gerry3010/passbubble/pkg/totp/totp.go:107.2,112.18 4 3
github.com/Gerry3010/passbubble/pkg/totp/totp.go:112.18,114.3 1 1
github.com/Gerry3010/passbubble/pkg/totp/totp.go:116.2,120.50 4 2
github.com/Gerry3010/passbubble/pkg/totp/totp.go:120.50,121.62 1 1
github.com/Gerry3010/passbubble/pkg/totp/totp.go:121.62,123.4 1 1
github.com/Gerry3010/passbubble/pkg/totp/totp.go:126.2,126.50 1 2
github.com/Gerry3010/passbubble/pkg/totp/totp.go:126.50,127.17 1 2
github.com/Gerry3010/passbubble/pkg/totp/totp.go:128.12,129.31 1 1
github.com/Gerry3010/passbubble/pkg/totp/totp.go:130.12,131.33 1 1
github.com/Gerry3010/passbubble/pkg/totp/totp.go:135.2,135.59 1 2
github.com/Gerry3010/passbubble/pkg/totp/totp.go:135.59,136.37 1 2
github.com/Gerry3010/passbubble/pkg/totp/totp.go:137.15,138.38 1 1
github.com/Gerry3010/passbubble/pkg/totp/totp.go:139.17,140.40 1 1
github.com/Gerry3010/passbubble/pkg/totp/totp.go:141.17,142.40 1 0
github.com/Gerry3010/passbubble/pkg/totp/totp.go:143.14,144.37 1 0
github.com/Gerry3010/passbubble/pkg/totp/totp.go:148.2,148.26 1 2
github.com/Gerry3010/passbubble/pkg/totp/totp.go:152.45,155.16 3 11
github.com/Gerry3010/passbubble/pkg/totp/totp.go:155.16,157.3 1 0
github.com/Gerry3010/passbubble/pkg/totp/totp.go:159.2,159.54 1 11
github.com/Gerry3010/passbubble/pkg/totp/totp.go:163.40,164.17 1 1
github.com/Gerry3010/passbubble/pkg/totp/totp.go:164.17,166.3 1 0
github.com/Gerry3010/passbubble/pkg/totp/totp.go:167.2,168.43 2 1
github.com/Gerry3010/passbubble/pkg/totp/totp.go:172.37,173.20 1 4
github.com/Gerry3010/passbubble/pkg/totp/totp.go:173.20,175.3 1 1
github.com/Gerry3010/passbubble/pkg/totp/totp.go:175.8,175.27 1 3
github.com/Gerry3010/passbubble/pkg/totp/totp.go:175.27,177.3 1 1
github.com/Gerry3010/passbubble/pkg/totp/totp.go:178.2,178.13 1 2
github.com/Gerry3010/passbubble/pkg/totp/totp.go:182.40,187.18 2 18
github.com/Gerry3010/passbubble/pkg/totp/totp.go:187.18,189.3 1 1
github.com/Gerry3010/passbubble/pkg/totp/totp.go:192.2,193.19 2 17
github.com/Gerry3010/passbubble/pkg/generator/generator.go:37.32,48.2 1 1
github.com/Gerry3010/passbubble/pkg/generator/generator.go:56.36,57.17 1 7
github.com/Gerry3010/passbubble/pkg/generator/generator.go:57.17,59.3 1 0
github.com/Gerry3010/passbubble/pkg/generator/generator.go:60.2,60.34 1 7
github.com/Gerry3010/passbubble/pkg/generator/generator.go:64.50,67.39 2 7
github.com/Gerry3010/passbubble/pkg/generator/generator.go:67.39,69.17 2 24
github.com/Gerry3010/passbubble/pkg/generator/generator.go:69.17,71.4 1 0
github.com/Gerry3010/passbubble/pkg/generator/generator.go:72.3,72.42 1 24
github.com/Gerry3010/passbubble/pkg/generator/generator.go:75.2,75.23 1 7
github.com/Gerry3010/passbubble/pkg/generator/generator.go:78.54,79.24 1 24
github.com/Gerry3010/passbubble/pkg/generator/generator.go:80.14,81.28 1 6
github.com/Gerry3010/passbubble/pkg/generator/generator.go:82.20,83.34 1 16
github.com/Gerry3010/passbubble/pkg/generator/generator.go:84.15,85.29 1 1
github.com/Gerry3010/passbubble/pkg/generator/generator.go:86.17,87.31 1 0
github.com/Gerry3010/passbubble/pkg/generator/generator.go:88.18,89.32 1 1
github.com/Gerry3010/passbubble/pkg/generator/generator.go:90.10,91.28 1 0
github.com/Gerry3010/passbubble/pkg/generator/generator.go:95.54,101.27 5 6
github.com/Gerry3010/passbubble/pkg/generator/generator.go:101.27,107.3 5 0
github.com/Gerry3010/passbubble/pkg/generator/generator.go:110.2,110.34 1 6
github.com/Gerry3010/passbubble/pkg/generator/generator.go:110.34,111.47 1 0
github.com/Gerry3010/passbubble/pkg/generator/generator.go:111.47,117.4 5 0
github.com/Gerry3010/passbubble/pkg/generator/generator.go:120.2,123.42 2 6
github.com/Gerry3010/passbubble/pkg/generator/generator.go:123.42,125.17 2 1
github.com/Gerry3010/passbubble/pkg/generator/generator.go:125.17,127.4 1 0
github.com/Gerry3010/passbubble/pkg/generator/generator.go:128.3,128.29 1 1
github.com/Gerry3010/passbubble/pkg/generator/generator.go:131.2,131.42 1 6
github.com/Gerry3010/passbubble/pkg/generator/generator.go:131.42,133.17 2 1
github.com/Gerry3010/passbubble/pkg/generator/generator.go:133.17,135.4 1 0
github.com/Gerry3010/passbubble/pkg/generator/generator.go:136.3,136.29 1 1
github.com/Gerry3010/passbubble/pkg/generator/generator.go:139.2,139.43 1 6
github.com/Gerry3010/passbubble/pkg/generator/generator.go:139.43,141.17 2 1
github.com/Gerry3010/passbubble/pkg/generator/generator.go:141.17,143.4 1 0
github.com/Gerry3010/passbubble/pkg/generator/generator.go:144.3,144.29 1 1
github.com/Gerry3010/passbubble/pkg/generator/generator.go:147.2,147.44 1 6
github.com/Gerry3010/passbubble/pkg/generator/generator.go:147.44,149.17 2 1
github.com/Gerry3010/passbubble/pkg/generator/generator.go:149.17,151.4 1 0
github.com/Gerry3010/passbubble/pkg/generator/generator.go:152.3,152.29 1 1
github.com/Gerry3010/passbubble/pkg/generator/generator.go:156.2,159.33 3 6
github.com/Gerry3010/passbubble/pkg/generator/generator.go:159.33,161.17 2 62
github.com/Gerry3010/passbubble/pkg/generator/generator.go:161.17,163.4 1 0
github.com/Gerry3010/passbubble/pkg/generator/generator.go:164.3,164.29 1 62
github.com/Gerry3010/passbubble/pkg/generator/generator.go:168.2,168.41 1 6
github.com/Gerry3010/passbubble/pkg/generator/generator.go:171.60,174.27 2 16
github.com/Gerry3010/passbubble/pkg/generator/generator.go:174.27,180.3 5 10
github.com/Gerry3010/passbubble/pkg/generator/generator.go:183.2,183.34 1 16
github.com/Gerry3010/passbubble/pkg/generator/generator.go:183.34,184.47 1 5
github.com/Gerry3010/passbubble/pkg/generator/generator.go:184.47,187.4 2 25
github.com/Gerry3010/passbubble/pkg/generator/generator.go:190.2,190.46 1 16
github.com/Gerry3010/passbubble/pkg/generator/generator.go:193.55,195.27 2 1
github.com/Gerry3010/passbubble/pkg/generator/generator.go:195.27,197.3 1 0
github.com/Gerry3010/passbubble/pkg/generator/generator.go:198.2,198.46 1 1
github.com/Gerry3010/passbubble/pkg/generator/generator.go:201.57,207.40 5 0
github.com/Gerry3010/passbubble/pkg/generator/generator.go:207.40,211.19 3 0
github.com/Gerry3010/passbubble/pkg/generator/generator.go:211.19,213.4 1 0
github.com/Gerry3010/passbubble/pkg/generator/generator.go:213.9,215.4 1 0
github.com/Gerry3010/passbubble/pkg/generator/generator.go:217.3,217.17 1 0
github.com/Gerry3010/passbubble/pkg/generator/generator.go:217.17,219.4 1 0
github.com/Gerry3010/passbubble/pkg/generator/generator.go:222.3,222.19 1 0
github.com/Gerry3010/passbubble/pkg/generator/generator.go:222.19,224.4 1 0
github.com/Gerry3010/passbubble/pkg/generator/generator.go:226.3,230.54 3 0
github.com/Gerry3010/passbubble/pkg/generator/generator.go:230.54,232.18 2 0
github.com/Gerry3010/passbubble/pkg/generator/generator.go:232.18,234.5 1 0
github.com/Gerry3010/passbubble/pkg/generator/generator.go:235.4,235.31 1 0
github.com/Gerry3010/passbubble/pkg/generator/generator.go:239.2,240.36 2 0
github.com/Gerry3010/passbubble/pkg/generator/generator.go:240.36,242.3 1 0
github.com/Gerry3010/passbubble/pkg/generator/generator.go:244.2,244.20 1 0
github.com/Gerry3010/passbubble/pkg/generator/generator.go:247.58,257.28 3 1
github.com/Gerry3010/passbubble/pkg/generator/generator.go:257.28,259.3 1 0
github.com/Gerry3010/passbubble/pkg/generator/generator.go:259.8,259.35 1 1
github.com/Gerry3010/passbubble/pkg/generator/generator.go:259.35,261.3 1 0
github.com/Gerry3010/passbubble/pkg/generator/generator.go:263.2,264.33 2 1
github.com/Gerry3010/passbubble/pkg/generator/generator.go:264.33,266.17 2 4
github.com/Gerry3010/passbubble/pkg/generator/generator.go:266.17,268.4 1 0
github.com/Gerry3010/passbubble/pkg/generator/generator.go:271.3,271.19 1 4
github.com/Gerry3010/passbubble/pkg/generator/generator.go:271.19,272.21 1 4
github.com/Gerry3010/passbubble/pkg/generator/generator.go:272.21,274.5 1 4
github.com/Gerry3010/passbubble/pkg/generator/generator.go:277.3,277.46 1 4
github.com/Gerry3010/passbubble/pkg/generator/generator.go:281.2,283.16 3 1
github.com/Gerry3010/passbubble/pkg/generator/generator.go:283.16,285.3 1 0
github.com/Gerry3010/passbubble/pkg/generator/generator.go:287.2,291.16 3 1
github.com/Gerry3010/passbubble/pkg/generator/generator.go:291.16,293.3 1 0
github.com/Gerry3010/passbubble/pkg/generator/generator.go:295.2,295.46 1 1
github.com/Gerry3010/passbubble/pkg/generator/generator.go:299.53,308.25 3 5
github.com/Gerry3010/passbubble/pkg/generator/generator.go:308.25,310.3 1 1
github.com/Gerry3010/passbubble/pkg/generator/generator.go:310.8,310.31 1 4
github.com/Gerry3010/passbubble/pkg/generator/generator.go:310.31,312.3 1 4
github.com/Gerry3010/passbubble/pkg/generator/generator.go:312.8,314.3 1 0
github.com/Gerry3010/passbubble/pkg/generator/generator.go:317.2,317.55 1 5
github.com/Gerry3010/passbubble/pkg/generator/generator.go:317.55,320.3 2 4
github.com/Gerry3010/passbubble/pkg/generator/generator.go:320.8,322.3 1 1
github.com/Gerry3010/passbubble/pkg/generator/generator.go:324.2,324.55 1 5
github.com/Gerry3010/passbubble/pkg/generator/generator.go:324.55,327.3 2 3
github.com/Gerry3010/passbubble/pkg/generator/generator.go:327.8,329.3 1 2
github.com/Gerry3010/passbubble/pkg/generator/generator.go:331.2,331.55 1 5
github.com/Gerry3010/passbubble/pkg/generator/generator.go:331.55,334.3 2 4
github.com/Gerry3010/passbubble/pkg/generator/generator.go:334.8,336.3 1 1
github.com/Gerry3010/passbubble/pkg/generator/generator.go:338.2,338.62 1 5
github.com/Gerry3010/passbubble/pkg/generator/generator.go:338.62,341.3 2 2
github.com/Gerry3010/passbubble/pkg/generator/generator.go:341.8,343.3 1 3
github.com/Gerry3010/passbubble/pkg/generator/generator.go:346.2,347.39 2 5
github.com/Gerry3010/passbubble/pkg/generator/generator.go:347.39,348.69 1 38
github.com/Gerry3010/passbubble/pkg/generator/generator.go:348.69,350.9 2 0
github.com/Gerry3010/passbubble/pkg/generator/generator.go:353.2,353.17 1 5
github.com/Gerry3010/passbubble/pkg/generator/generator.go:353.17,356.3 2 0
github.com/Gerry3010/passbubble/pkg/generator/generator.go:358.2,359.81 1 5
github.com/Gerry3010/passbubble/pkg/generator/generator.go:359.81,362.3 2 1
github.com/Gerry3010/passbubble/pkg/generator/generator.go:364.2,367.17 2 5
github.com/Gerry3010/passbubble/pkg/generator/generator.go:367.17,369.3 1 2
github.com/Gerry3010/passbubble/pkg/generator/generator.go:369.8,369.24 1 3
github.com/Gerry3010/passbubble/pkg/generator/generator.go:369.24,371.3 1 0
github.com/Gerry3010/passbubble/pkg/generator/generator.go:371.8,371.24 1 3
github.com/Gerry3010/passbubble/pkg/generator/generator.go:371.24,373.3 1 1
github.com/Gerry3010/passbubble/pkg/generator/generator.go:373.8,373.24 1 2
github.com/Gerry3010/passbubble/pkg/generator/generator.go:373.24,375.3 1 0
github.com/Gerry3010/passbubble/pkg/generator/generator.go:375.8,377.3 1 2
github.com/Gerry3010/passbubble/pkg/generator/generator.go:379.2,379.15 1 5
github.com/Gerry3010/passbubble/pkg/generator/generator.go:396.47,397.21 1 366
github.com/Gerry3010/passbubble/pkg/generator/generator.go:397.21,399.3 1 0
github.com/Gerry3010/passbubble/pkg/generator/generator.go:400.2,401.16 2 366
github.com/Gerry3010/passbubble/pkg/generator/generator.go:401.16,403.3 1 0
github.com/Gerry3010/passbubble/pkg/generator/generator.go:404.2,404.38 1 366
github.com/Gerry3010/passbubble/pkg/generator/generator.go:407.61,409.30 2 17
github.com/Gerry3010/passbubble/pkg/generator/generator.go:409.30,411.17 2 300
github.com/Gerry3010/passbubble/pkg/generator/generator.go:411.17,413.4 1 0
github.com/Gerry3010/passbubble/pkg/generator/generator.go:414.3,414.27 1 300
github.com/Gerry3010/passbubble/pkg/generator/generator.go:416.2,416.29 1 17
github.com/Gerry3010/passbubble/pkg/generator/generator.go:419.53,420.23 1 5
github.com/Gerry3010/passbubble/pkg/generator/generator.go:420.23,422.3 1 0
github.com/Gerry3010/passbubble/pkg/generator/generator.go:423.2,424.16 2 5
github.com/Gerry3010/passbubble/pkg/generator/generator.go:424.16,426.3 1 0
github.com/Gerry3010/passbubble/pkg/generator/generator.go:427.2,427.32 1 5
github.com/Gerry3010/passbubble/pkg/generator/generator.go:430.45,432.16 2 1
github.com/Gerry3010/passbubble/pkg/generator/generator.go:432.16,434.3 1 0
github.com/Gerry3010/passbubble/pkg/generator/generator.go:435.2,435.34 1 1
github.com/Gerry3010/passbubble/pkg/generator/generator.go:438.24,441.2 2 4
github.com/Gerry3010/passbubble/pkg/generator/generator.go:443.46,445.38 2 6
github.com/Gerry3010/passbubble/pkg/generator/generator.go:445.38,447.17 2 60
github.com/Gerry3010/passbubble/pkg/generator/generator.go:447.17,449.4 1 0
github.com/Gerry3010/passbubble/pkg/generator/generator.go:450.3,450.58 1 60
github.com/Gerry3010/passbubble/pkg/generator/generator.go:452.2,452.27 1 6
github.com/Gerry3010/passbubble/pkg/backup/backup.go:53.69,54.17 1 6
github.com/Gerry3010/passbubble/pkg/backup/backup.go:54.17,60.3 2 1
github.com/Gerry3010/passbubble/pkg/backup/backup.go:61.2,64.3 1 6
github.com/Gerry3010/passbubble/pkg/backup/backup.go:68.50,69.44 1 7
github.com/Gerry3010/passbubble/pkg/backup/backup.go:69.44,71.3 1 0
github.com/Gerry3010/passbubble/pkg/backup/backup.go:74.2,75.16 2 7
github.com/Gerry3010/passbubble/pkg/backup/backup.go:75.16,77.3 1 0
github.com/Gerry3010/passbubble/pkg/backup/backup.go:80.2,80.25 1 7
github.com/Gerry3010/passbubble/pkg/backup/backup.go:80.25,82.17 2 11
github.com/Gerry3010/passbubble/pkg/backup/backup.go:82.17,83.12 1 0
github.com/Gerry3010/passbubble/pkg/backup/backup.go:85.3,85.33 1 11
github.com/Gerry3010/passbubble/pkg/backup/backup.go:89.2,91.16 3 7
github.com/Gerry3010/passbubble/pkg/backup/backup.go:91.16,93.3 1 0
github.com/Gerry3010/passbubble/pkg/backup/backup.go:95.2,109.32 4 7
github.com/Gerry3010/passbubble/pkg/backup/backup.go:109.32,111.3 1 3
github.com/Gerry3010/passbubble/pkg/backup/backup.go:111.8,113.3 1 4
github.com/Gerry3010/passbubble/pkg/backup/backup.go:116.2,116.60 1 7
github.com/Gerry3010/passbubble/pkg/backup/backup.go:116.60,118.3 1 0
github.com/Gerry3010/passbubble/pkg/backup/backup.go:121.2,121.22 1 7
github.com/Gerry3010/passbubble/pkg/backup/backup.go:121.22,123.17 2 0
github.com/Gerry3010/passbubble/pkg/backup/backup.go:123.17,126.4 2 0
github.com/Gerry3010/passbubble/pkg/backup/backup.go:127.3,128.31 2 0
github.com/Gerry3010/passbubble/pkg/backup/backup.go:129.8,129.34 1 7
github.com/Gerry3010/passbubble/pkg/backup/backup.go:129.34,131.17 2 0
github.com/Gerry3010/passbubble/pkg/backup/backup.go:131.17,134.4 2 0
github.com/Gerry3010/passbubble/pkg/backup/backup.go:135.3,136.31 2 0
github.com/Gerry3010/passbubble/pkg/backup/backup.go:139.2,139.22 1 7
github.com/Gerry3010/passbubble/pkg/backup/backup.go:143.58,146.43 2 1
github.com/Gerry3010/passbubble/pkg/backup/backup.go:146.43,148.17 2 0
github.com/Gerry3010/passbubble/pkg/backup/backup.go:148.17,150.4 1 0
github.com/Gerry3010/passbubble/pkg/backup/backup.go:151.3,152.29 2 0
github.com/Gerry3010/passbubble/pkg/backup/backup.go:153.8,153.50 1 1
github.com/Gerry3010/passbubble/pkg/backup/backup.go:153.50,155.17 2 0
github.com/Gerry3010/passbubble/pkg/backup/backup.go:155.17,157.4 1 0
github.com/Gerry3010/passbubble/pkg/backup/backup.go:158.3,159.29 2 0
github.com/Gerry3010/passbubble/pkg/backup/backup.go:163.2,164.16 2 1
github.com/Gerry3010/passbubble/pkg/backup/backup.go:164.16,166.3 1 0
github.com/Gerry3010/passbubble/pkg/backup/backup.go:169.2,169.51 1 1
github.com/Gerry3010/passbubble/pkg/backup/backup.go:169.51,171.3 1 0
github.com/Gerry3010/passbubble/pkg/backup/backup.go:174.2,176.45 3 1
github.com/Gerry3010/passbubble/pkg/backup/backup.go:176.45,178.73 1 3
github.com/Gerry3010/passbubble/pkg/backup/backup.go:178.73,180.12 2 0
github.com/Gerry3010/passbubble/pkg/backup/backup.go:184.3,184.88 1 3
github.com/Gerry3010/passbubble/pkg/backup/backup.go:184.88,186.12 2 0
github.com/Gerry3010/passbubble/pkg/backup/backup.go:188.3,188.13 1 3
github.com/Gerry3010/passbubble/pkg/backup/backup.go:191.2,192.12 2 1
github.com/Gerry3010/passbubble/pkg/backup/backup.go:196.55,197.44 1 4
github.com/Gerry3010/passbubble/pkg/backup/backup.go:197.44,199.3 1 0
github.com/Gerry3010/passbubble/pkg/backup/backup.go:201.2,202.16 2 4
github.com/Gerry3010/passbubble/pkg/backup/backup.go:202.16,204.3 1 0
github.com/Gerry3010/passbubble/pkg/backup/backup.go:206.2,207.29 2 4
github.com/Gerry3010/passbubble/pkg/backup/backup.go:207.29,208.19 1 6
github.com/Gerry3010/passbubble/pkg/backup/backup.go:208.19,209.12 1 0
github.com/Gerry3010/passbubble/pkg/backup/backup.go:212.3,213.48 2 6
github.com/Gerry3010/passbubble/pkg/backup/backup.go:213.48,214.12 1 0
github.com/Gerry3010/passbubble/pkg/backup/backup.go:217.3,218.17 2 6
github.com/Gerry3010/passbubble/pkg/backup/backup.go:218.17,219.12 1 0
github.com/Gerry3010/passbubble/pkg/backup/backup.go:222.3,227.5 1 6
github.com/Gerry3010/passbubble/pkg/backup/backup.go:231.2,231.42 1 4
github.com/Gerry3010/passbubble/pkg/backup/backup.go:231.42,233.3 1 4
github.com/Gerry3010/passbubble/pkg/backup/backup.go:235.2,235.21 1 4
github.com/Gerry3010/passbubble/pkg/backup/backup.go:239.57,241.16 2 1
github.com/Gerry3010/passbubble/pkg/backup/backup.go:241.16,243.3 1 0
github.com/Gerry3010/passbubble/pkg/backup/backup.go:245.2,245.35 1 1
github.com/Gerry3010/passbubble/pkg/backup/backup.go:249.43,251.16 2 1
github.com/Gerry3010/passbubble/pkg/backup/backup.go:251.16,253.3 1 0
github.com/Gerry3010/passbubble/pkg/backup/backup.go:255.2,255.42 1 1
github.com/Gerry3010/passbubble/pkg/backup/backup.go:255.42,257.3 1 0
github.com/Gerry3010/passbubble/pkg/backup/backup.go:260.2,261.34 2 1
github.com/Gerry3010/passbubble/pkg/backup/backup.go:261.34,262.48 1 1
github.com/Gerry3010/passbubble/pkg/backup/backup.go:262.48,264.4 1 0
github.com/Gerry3010/passbubble/pkg/backup/backup.go:267.2,268.12 2 1
github.com/Gerry3010/passbubble/pkg/backup/backup.go:281.43,283.2 1 11
github.com/Gerry3010/passbubble/pkg/backup/backup.go:285.71,288.16 2 7
github.com/Gerry3010/passbubble/pkg/backup/backup.go:288.16,290.3 1 0
github.com/Gerry3010/passbubble/pkg/backup/backup.go:291.2,296.16 4 7
github.com/Gerry3010/passbubble/pkg/backup/backup.go:296.16,298.3 1 0
github.com/Gerry3010/passbubble/pkg/backup/backup.go:301.2,306.16 4 7
github.com/Gerry3010/passbubble/pkg/backup/backup.go:306.16,308.3 1 0
github.com/Gerry3010/passbubble/pkg/backup/backup.go:310.2,310.63 1 7
github.com/Gerry3010/passbubble/pkg/backup/backup.go:310.63,312.3 1 0
github.com/Gerry3010/passbubble/pkg/backup/backup.go:315.2,315.41 1 7
github.com/Gerry3010/passbubble/pkg/backup/backup.go:318.67,323.16 3 3
github.com/Gerry3010/passbubble/pkg/backup/backup.go:323.16,325.3 1 0
github.com/Gerry3010/passbubble/pkg/backup/backup.go:326.2,329.58 2 3
github.com/Gerry3010/passbubble/pkg/backup/backup.go:329.58,331.3 1 0
github.com/Gerry3010/passbubble/pkg/backup/backup.go:334.2,336.16 3 3
github.com/Gerry3010/passbubble/pkg/backup/backup.go:336.16,338.3 1 0
github.com/Gerry3010/passbubble/pkg/backup/backup.go:340.2,340.56 1 3
github.com/Gerry3010/passbubble/pkg/backup/backup.go:340.56,342.3 1 0
github.com/Gerry3010/passbubble/pkg/backup/backup.go:344.2,344.18 1 3
github.com/Gerry3010/passbubble/pkg/backup/backup.go:347.55,353.16 4 2
github.com/Gerry3010/passbubble/pkg/backup/backup.go:353.16,355.3 1 0
github.com/Gerry3010/passbubble/pkg/backup/backup.go:357.2,360.44 3 2
github.com/Gerry3010/passbubble/pkg/backup/backup.go:360.44,362.3 1 0
github.com/Gerry3010/passbubble/pkg/backup/backup.go:364.2,364.12 1 2
github.com/Gerry3010/passbubble/pkg/backup/backup.go:367.65,369.16 2 7
github.com/Gerry3010/passbubble/pkg/backup/backup.go:369.16,371.3 1 0
github.com/Gerry3010/passbubble/pkg/backup/backup.go:372.2,380.87 6 7
github.com/Gerry3010/passbubble/pkg/backup/backup.go:380.87,381.17 1 14
github.com/Gerry3010/passbubble/pkg/backup/backup.go:381.17,383.4 1 0
github.com/Gerry3010/passbubble/pkg/backup/backup.go:385.3,385.19 1 14
github.com/Gerry3010/passbubble/pkg/backup/backup.go:385.19,387.4 1 7
github.com/Gerry3010/passbubble/pkg/backup/backup.go:389.3,390.17 2 7
github.com/Gerry3010/passbubble/pkg/backup/backup.go:390.17,392.4 1 0
github.com/Gerry3010/passbubble/pkg/backup/backup.go:394.3,395.17 2 7
github.com/Gerry3010/passbubble/pkg/backup/backup.go:395.17,397.4 1 0
github.com/Gerry3010/passbubble/pkg/backup/backup.go:398.3,400.55 2 7
github.com/Gerry3010/passbubble/pkg/backup/backup.go:400.55,402.4 1 0
github.com/Gerry3010/passbubble/pkg/backup/backup.go:404.3,405.17 2 7
github.com/Gerry3010/passbubble/pkg/backup/backup.go:405.17,407.4 1 0
github.com/Gerry3010/passbubble/pkg/backup/backup.go:408.3,411.13 3 7
github.com/Gerry3010/passbubble/pkg/backup/backup.go:415.64,417.16 2 3
github.com/Gerry3010/passbubble/pkg/backup/backup.go:417.16,419.3 1 0
github.com/Gerry3010/passbubble/pkg/backup/backup.go:420.2,423.16 3 3
github.com/Gerry3010/passbubble/pkg/backup/backup.go:423.16,425.3 1 0
github.com/Gerry3010/passbubble/pkg/backup/backup.go:426.2,430.6 3 3
github.com/Gerry3010/passbubble/pkg/backup/backup.go:430.6,432.20 2 6
github.com/Gerry3010/passbubble/pkg/backup/backup.go:432.20,433.9 1 3
github.com/Gerry3010/passbubble/pkg/backup/backup.go:435.3,435.17 1 3
github.com/Gerry3010/passbubble/pkg/backup/backup.go:435.17,437.4 1 0
github.com/Gerry3010/passbubble/pkg/backup/backup.go:439.3,441.26 2 3
github.com/Gerry3010/passbubble/pkg/backup/backup.go:442.20,444.18 2 3
github.com/Gerry3010/passbubble/pkg/backup/backup.go:444.18,446.5 1 0
github.com/Gerry3010/passbubble/pkg/backup/backup.go:447.4,449.57 2 3
github.com/Gerry3010/passbubble/pkg/backup/backup.go:449.57,451.5 1 0
github.com/Gerry3010/passbubble/pkg/backup/backup.go:455.2,455.12 1 3
github.com/Gerry3010/passbubble/pkg/backup/backup.go:458.67,462.2 3 0
github.com/Gerry3010/passbubble/pkg/backup/backup.go:464.67,468.2 3 0
github.com/Gerry3010/passbubble/pkg/backup/backup.go:470.72,474.2 3 0
github.com/Gerry3010/passbubble/pkg/backup/backup.go:476.72,480.2 3 0
